06:27:45.611 INFO  - ======================================================
06:27:45.610 INFO  - ======================================================
06:27:45.624 INFO  - [ENV] Starting test execution: testAppLaunch
06:27:45.624 INFO  - [ENV] Starting test execution: testAppLaunch
06:27:45.624 INFO  - [ENV] Initializing AndroidDriver session...
06:27:45.624 INFO  - [ENV] Initializing AndroidDriver session...
06:27:45.610 INFO  - ======================================================
06:27:45.627 INFO  - [ENV] Starting test execution: testAppLaunch
06:27:45.627 INFO  - [ENV] Initializing AndroidDriver session...
06:28:05.934 INFO  - [ENV] AndroidDriver session established successfully.
06:28:07.028 INFO  - [TEST] Test started: testAppLaunch
06:28:07.662 INFO  - [ACTION] Looking for element using locator: AppiumBy.id: com.keylesspalace.tusky:id/domainEditText
06:28:08.042 INFO  - [ACTION] Found element using locator: AppiumBy.id: com.keylesspalace.tusky:id/domainEditText
06:28:09.909 INFO  - [TEST] Test passed: testAppLaunch
06:28:09.925 INFO  - [ENV] Tearing down AndroidDriver session for test: testAppLaunch
06:28:12.299 WARN  - Skipped Video Attachment (API < 27 devices do not support screen recording natively): An unknown error has occurred
Build info: version: '4.13.0', revision: 'ba948ece5b*'
System info: os.name: 'Linux', os.arch: 'amd64', os.version: '6.14.0-1017-azure', java.version: '17.0.18'
Driver info: io.appium.java_client.android.AndroidDriver
Command: [635fbe1929d8da3d914b62dd2f4ecd426da15d26, stopRecordingScreen {}]
Capabilities {appium:appActivity: com.keylesspalace.tusky.Mai..., appium:appPackage: com.keylesspalace.tusky, appium:automationName: uiautomator2, appium:bundleID: com.keylesspalace.tusky, appium:bundleId: com.keylesspalace.tusky, appium:chromedriverArgs: [--adb-port=5038], appium:chromedriverPorts: [[18155, 18165]], appium:databaseEnabled: false, appium:desired: {appActivity: com.keylesspalace.tusky.Mai..., appPackage: com.keylesspalace.tusky, automationName: uiautomator2, bstack:options: {buildIdentifier: #CI 22890077172, hostName: runnervm0kj6c, localIdentifier: Mar_10_0627_runnervm0kj6c_gr3i}, bundleID: com.keylesspalace.tusky, bundleId: com.keylesspalace.tusky, chromedriverArgs: [--adb-port=5038], chromedriverPorts: [[18155, 18165]], deviceName: oneplus 11r, disableSuppressAccessibilityService: true, goog:chromeOptions: {}, nativeWebScreenshot: true, newCommandTimeout: 0, platformName: Android, skipServerInstallation: true, systemPort: 8205, udid: 5bf14875}, appium:deviceApiLevel: 33, appium:deviceManufacturer: OnePlus, appium:deviceModel: CPH2487, appium:deviceName: 5bf14875, appium:deviceScreenDensity: 560, appium:deviceScreenSize: 1240x2772, appium:deviceUDID: 5bf14875, appium:disableSuppressAccessibilityService: true, appium:javascriptEnabled: true, appium:locationContextEnabled: false, appium:nativeWebScreenshot: true, appium:networkConnectionEnabled: true, appium:newCommandTimeout: 0, appium:optimalHubUrl: hub-euw.browserstack.com, appium:pixelRatio: 3.5, appium:platformVersion: 13, appium:skipServerInstallation: true, appium:statBarHeight: 110, appium:systemPort: 8205, appium:takesScreenshot: true, appium:udid: 5bf14875, appium:viewportRect: {height: 2398, left: 0, top: 110, width: 1240}, appium:warnings: {}, appium:webStorageEnabled: false, bstack:options: {buildIdentifier: #CI 22890077172, hostName: runnervm0kj6c, localIdentifier: Mar_10_0627_runnervm0kj6c_gr3i}, goog:chromeOptions: {}, platformName: ANDROID}
Session ID: 635fbe1929d8da3d914b62dd2f4ecd426da15d26
06:28:13.311 INFO  - [ENV] AndroidDriver successfully closed.
06:28:13.311 INFO  - ======================================================
06:28:17.966 INFO  - [ENV] AndroidDriver session established successfully.
06:28:18.143 INFO  - [TEST] Test started: testAppLaunch
06:28:19.280 INFO  - [ACTION] Looking for element using locator: AppiumBy.id: com.keylesspalace.tusky:id/domainEditText
06:28:19.412 INFO  - [ACTION] Found element using locator: AppiumBy.id: com.keylesspalace.tusky:id/domainEditText
06:28:20.155 INFO  - [TEST] Test passed: testAppLaunch
06:28:20.165 INFO  - [ENV] Tearing down AndroidDriver session for test: testAppLaunch
06:28:21.090 WARN  - Skipped Video Attachment (API < 27 devices do not support screen recording natively): An unknown error has occurred
Build info: version: '4.13.0', revision: 'ba948ece5b*'
System info: os.name: 'Linux', os.arch: 'amd64', os.version: '6.14.0-1017-azure', java.version: '17.0.18'
Driver info: io.appium.java_client.android.AndroidDriver
Command: [0db6ba1677c95f681bb5c0256c61f43424f15c3c, stopRecordingScreen {}]
Capabilities {appium:appActivity: com.keylesspalace.tusky.Mai..., appium:appPackage: com.keylesspalace.tusky, appium:automationName: uiautomator2, appium:bundleID: com.keylesspalace.tusky, appium:bundleId: com.keylesspalace.tusky, appium:chromedriverPorts: [[18111, 18121]], appium:databaseEnabled: false, appium:desired: {appActivity: com.keylesspalace.tusky.Mai..., appPackage: com.keylesspalace.tusky, automationName: uiautomator2, bstack:options: {buildIdentifier: #CI 22890077172, hostName: runnervm0kj6c, localIdentifier: Mar_10_0627_runnervm0kj6c_gr3i}, bundleID: com.keylesspalace.tusky, bundleId: com.keylesspalace.tusky, chromedriverPorts: [[18111, 18121]], deviceName: google pixel 8 pro, disableSuppressAccessibilityService: true, goog:chromeOptions: {}, nativeWebScreenshot: true, newCommandTimeout: 0, platformName: Android, skipServerInstallation: true, systemPort: 8201, udid: 37141FDJG00B4K}, appium:deviceApiLevel: 34, appium:deviceManufacturer: Google, appium:deviceModel: Pixel 8 Pro, appium:deviceName: 37141FDJG00B4K, appium:deviceScreenDensity: 360, appium:deviceScreenSize: 1008x2244, appium:deviceUDID: 37141FDJG00B4K, appium:disableSuppressAccessibilityService: true, appium:javascriptEnabled: true, appium:locationContextEnabled: false, appium:nativeWebScreenshot: true, appium:networkConnectionEnabled: true, appium:newCommandTimeout: 0, appium:optimalHubUrl: hub-usw.browserstack.com, appium:pixelRatio: 2.25, appium:platformVersion: 14, appium:skipServerInstallation: true, appium:statBarHeight: 151, appium:systemPort: 8201, appium:takesScreenshot: true, appium:udid: 37141FDJG00B4K, appium:viewportRect: {height: 1926, left: 0, top: 151, width: 1008}, appium:warnings: {}, appium:webStorageEnabled: false, bstack:options: {buildIdentifier: #CI 22890077172, hostName: runnervm0kj6c, localIdentifier: Mar_10_0627_runnervm0kj6c_gr3i}, goog:chromeOptions: {}, platformName: ANDROID}
Session ID: 0db6ba1677c95f681bb5c0256c61f43424f15c3c
06:28:21.976 INFO  - [ENV] AndroidDriver session established successfully.
06:28:22.019 INFO  - [ENV] AndroidDriver successfully closed.
06:28:22.019 INFO  - ======================================================
06:28:22.145 INFO  - [TEST] Test started: testAppLaunch
06:28:22.860 INFO  - [ACTION] Looking for element using locator: AppiumBy.id: com.keylesspalace.tusky:id/domainEditText
06:28:22.957 INFO  - [ACTION] Found element using locator: AppiumBy.id: com.keylesspalace.tusky:id/domainEditText
06:28:23.649 INFO  - [TEST] Test passed: testAppLaunch
06:28:23.660 INFO  - [ENV] Tearing down AndroidDriver session for test: testAppLaunch
06:28:24.651 WARN  - Skipped Video Attachment (API < 27 devices do not support screen recording natively): An unknown error has occurred
Build info: version: '4.13.0', revision: 'ba948ece5b*'
System info: os.name: 'Linux', os.arch: 'amd64', os.version: '6.14.0-1017-azure', java.version: '17.0.18'
Driver info: io.appium.java_client.android.AndroidDriver
Command: [f81c1ddee9c99ebd8ec04e58c751874aa8032f10, stopRecordingScreen {}]
Capabilities {appium:appActivity: com.keylesspalace.tusky.Mai..., appium:appPackage: com.keylesspalace.tusky, appium:automationName: uiautomator2, appium:bundleID: com.keylesspalace.tusky, appium:bundleId: com.keylesspalace.tusky, appium:chromedriverPorts: [[18122, 18132]], appium:databaseEnabled: false, appium:desired: {appActivity: com.keylesspalace.tusky.Mai..., appPackage: com.keylesspalace.tusky, automationName: uiautomator2, bstack:options: {buildIdentifier: #CI 22890077172, hostName: runnervm0kj6c, localIdentifier: Mar_10_0627_runnervm0kj6c_gr3i}, bundleID: com.keylesspalace.tusky, bundleId: com.keylesspalace.tusky, chromedriverPorts: [[18122, 18132]], deviceName: samsung galaxy s22 ultra, disableSuppressAccessibilityService: true, goog:chromeOptions: {}, nativeWebScreenshot: true, newCommandTimeout: 0, platformName: Android, skipServerInstallation: true, systemPort: 8202, udid: R3CT40AGPBK}, appium:deviceApiLevel: 31, appium:deviceManufacturer: samsung, appium:deviceModel: SM-S908B, appium:deviceName: R3CT40AGPBK, appium:deviceScreenDensity: 450, appium:deviceScreenSize: 1080x2316, appium:deviceUDID: R3CT40AGPBK, appium:disableSuppressAccessibilityService: true, appium:javascriptEnabled: true, appium:locationContextEnabled: false, appium:nativeWebScreenshot: true, appium:networkConnectionEnabled: true, appium:newCommandTimeout: 0, appium:optimalHubUrl: hub-usw.browserstack.com, appium:pixelRatio: 2.8125, appium:platformVersion: 12, appium:skipServerInstallation: true, appium:statBarHeight: 75, appium:systemPort: 8202, appium:takesScreenshot: true, appium:udid: R3CT40AGPBK, appium:viewportRect: {height: 2031, left: 0, top: 75, width: 1080}, appium:warnings: {}, appium:webStorageEnabled: false, bstack:options: {buildIdentifier: #CI 22890077172, hostName: runnervm0kj6c, localIdentifier: Mar_10_0627_runnervm0kj6c_gr3i}, goog:chromeOptions: {}, platformName: ANDROID}
Session ID: f81c1ddee9c99ebd8ec04e58c751874aa8032f10
