08:18:30.132 INFO  - ======================================================
08:18:30.135 INFO  - [ENV] Starting test execution: testMoreOptionsMenu
08:18:30.135 INFO  - [ENV] Initializing AndroidDriver session...
08:18:38.424 INFO  - ======================================================
08:18:38.425 INFO  - [ENV] Starting test execution: testMoreOptionsMenu
08:18:38.425 INFO  - [ENV] Initializing AndroidDriver session...
08:18:42.047 INFO  - ======================================================
08:18:42.048 INFO  - [ENV] Starting test execution: testMoreOptionsMenu
08:18:42.048 INFO  - [ENV] Initializing AndroidDriver session...
08:18:50.518 INFO  - [ENV] AndroidDriver session established successfully.
08:18:50.670 INFO  - [TEST] Test started: testMoreOptionsMenu
08:18:50.721 INFO  - [ACTION] Looking for element using locator: AppiumBy.accessibilityId: More options
08:18:50.853 INFO  - [ACTION] Found element using locator: AppiumBy.accessibilityId: More options
08:18:50.926 INFO  - [ACTION] About to click on element: [[AndroidDriver:  on ANDROID (4bcb14467a3c4210b5095f2dd8afdfb20594e8fa)] -> accessibility id: More options]
08:18:52.359 INFO  - [ACTION] Clicked on element: Unknown Element
08:18:52.573 INFO  - [ACTION] Looking for element using locator: By.xpath: //*[@text='Login with Browser']
08:18:52.660 INFO  - [ACTION] Found element using locator: By.xpath: //*[@text='Login with Browser']
08:18:53.600 INFO  - [TEST] Test passed: testMoreOptionsMenu
08:18:53.610 INFO  - [ENV] Tearing down AndroidDriver session for test: testMoreOptionsMenu
08:18:54.592 WARN  - Skipped Video Attachment (API < 27 devices do not support screen recording natively): An unknown error has occurred
Build info: version: '4.13.0', revision: 'ba948ece5b*'
System info: os.name: 'Linux', os.arch: 'amd64', os.version: '6.14.0-1017-azure', java.version: '17.0.18'
Driver info: io.appium.java_client.android.AndroidDriver
Command: [4bcb14467a3c4210b5095f2dd8afdfb20594e8fa, stopRecordingScreen {}]
Capabilities {appium:appActivity: com.keylesspalace.tusky.Mai..., appium:appPackage: com.keylesspalace.tusky, appium:automationName: uiautomator2, appium:bundleID: com.keylesspalace.tusky, appium:bundleId: com.keylesspalace.tusky, appium:chromedriverArgs: [--adb-port=5038], appium:chromedriverPorts: [[18111, 18121]], appium:databaseEnabled: false, appium:desired: {appActivity: com.keylesspalace.tusky.Mai..., appPackage: com.keylesspalace.tusky, automationName: uiautomator2, bstack:options: {buildIdentifier: #CI 22893309039, hostName: runnervm0kj6c, localIdentifier: Mar_10_0817_runnervm0kj6c_auqy}, bundleID: com.keylesspalace.tusky, bundleId: com.keylesspalace.tusky, chromedriverArgs: [--adb-port=5038], chromedriverPorts: [[18111, 18121]], deviceName: oneplus 11r, disableSuppressAccessibilityService: true, goog:chromeOptions: {}, nativeWebScreenshot: true, newCommandTimeout: 0, platformName: Android, skipServerInstallation: true, systemPort: 8201, udid: b8040949}, appium:deviceApiLevel: 33, appium:deviceManufacturer: OnePlus, appium:deviceModel: CPH2487, appium:deviceName: b8040949, appium:deviceScreenDensity: 560, appium:deviceScreenSize: 1240x2772, appium:deviceUDID: b8040949, appium:disableSuppressAccessibilityService: true, appium:javascriptEnabled: true, appium:locationContextEnabled: false, appium:nativeWebScreenshot: true, appium:networkConnectionEnabled: true, appium:newCommandTimeout: 0, appium:optimalHubUrl: hub-use.browserstack.com, appium:pixelRatio: 3.5, appium:platformVersion: 13, appium:skipServerInstallation: true, appium:statBarHeight: 110, appium:systemPort: 8201, appium:takesScreenshot: true, appium:udid: b8040949, appium:viewportRect: {height: 2398, left: 0, top: 110, width: 1240}, appium:warnings: {}, appium:webStorageEnabled: false, bstack:options: {buildIdentifier: #CI 22893309039, hostName: runnervm0kj6c, localIdentifier: Mar_10_0817_runnervm0kj6c_auqy}, goog:chromeOptions: {}, platformName: ANDROID}
Session ID: 4bcb14467a3c4210b5095f2dd8afdfb20594e8fa
08:18:55.307 INFO  - [ENV] AndroidDriver successfully closed.
08:18:55.308 INFO  - ======================================================
08:19:13.879 INFO  - [ENV] AndroidDriver session established successfully.
08:19:14.046 INFO  - [TEST] Test started: testMoreOptionsMenu
08:19:14.117 INFO  - [ACTION] Looking for element using locator: AppiumBy.accessibilityId: More options
08:19:15.232 INFO  - [ACTION] Found element using locator: AppiumBy.accessibilityId: More options
08:19:15.419 INFO  - [ACTION] About to click on element: [[AndroidDriver:  on ANDROID (97ba897848bcdf80ae403144c55e77e66485a668)] -> accessibility id: More options]
08:19:16.718 INFO  - [ACTION] Clicked on element: Unknown Element
08:19:17.370 INFO  - [ACTION] Looking for element using locator: By.xpath: //*[@text='Login with Browser']
08:19:17.581 INFO  - [ACTION] Found element using locator: By.xpath: //*[@text='Login with Browser']
08:19:18.523 INFO  - [TEST] Test passed: testMoreOptionsMenu
08:19:18.539 INFO  - [ENV] Tearing down AndroidDriver session for test: testMoreOptionsMenu
08:19:19.538 WARN  - Skipped Video Attachment (API < 27 devices do not support screen recording natively): An unknown error has occurred
Build info: version: '4.13.0', revision: 'ba948ece5b*'
System info: os.name: 'Linux', os.arch: 'amd64', os.version: '6.14.0-1017-azure', java.version: '17.0.18'
Driver info: io.appium.java_client.android.AndroidDriver
Command: [97ba897848bcdf80ae403144c55e77e66485a668, stopRecordingScreen {}]
Capabilities {appium:appActivity: com.keylesspalace.tusky.Mai..., appium:appPackage: com.keylesspalace.tusky, appium:automationName: uiautomator2, appium:bundleID: com.keylesspalace.tusky, appium:bundleId: com.keylesspalace.tusky, appium:chromedriverPorts: [[18166, 18176]], appium:databaseEnabled: false, appium:desired: {appActivity: com.keylesspalace.tusky.Mai..., appPackage: com.keylesspalace.tusky, automationName: uiautomator2, bstack:options: {buildIdentifier: #CI 22893309039, hostName: runnervm0kj6c, localIdentifier: Mar_10_0817_runnervm0kj6c_auqy}, bundleID: com.keylesspalace.tusky, bundleId: com.keylesspalace.tusky, chromedriverPorts: [[18166, 18176]], deviceName: google pixel 8 pro, disableSuppressAccessibilityService: true, goog:chromeOptions: {}, nativeWebScreenshot: true, newCommandTimeout: 0, platformName: Android, skipServerInstallation: true, systemPort: 8206, udid: 39031FDJG00E3W}, appium:deviceApiLevel: 34, appium:deviceManufacturer: Google, appium:deviceModel: Pixel 8 Pro, appium:deviceName: 39031FDJG00E3W, appium:deviceScreenDensity: 360, appium:deviceScreenSize: 1008x2244, appium:deviceUDID: 39031FDJG00E3W, appium:disableSuppressAccessibilityService: true, appium:javascriptEnabled: true, appium:locationContextEnabled: false, appium:nativeWebScreenshot: true, appium:networkConnectionEnabled: true, appium:newCommandTimeout: 0, appium:optimalHubUrl: hub-use.browserstack.com, appium:pixelRatio: 2.25, appium:platformVersion: 14, appium:skipServerInstallation: true, appium:statBarHeight: 151, appium:systemPort: 8206, appium:takesScreenshot: true, appium:udid: 39031FDJG00E3W, appium:viewportRect: {height: 1926, left: 0, top: 151, width: 1008}, appium:warnings: {}, appium:webStorageEnabled: false, bstack:options: {buildIdentifier: #CI 22893309039, hostName: runnervm0kj6c, localIdentifier: Mar_10_0817_runnervm0kj6c_auqy}, goog:chromeOptions: {}, platformName: ANDROID}
Session ID: 97ba897848bcdf80ae403144c55e77e66485a668
08:19:20.394 INFO  - [ENV] AndroidDriver successfully closed.
08:19:20.394 INFO  - ======================================================
08:19:36.338 INFO  - [ENV] AndroidDriver session established successfully.
08:19:36.526 INFO  - [TEST] Test started: testMoreOptionsMenu
08:19:36.583 INFO  - [ACTION] Looking for element using locator: AppiumBy.accessibilityId: More options
08:19:37.235 INFO  - [ACTION] Found element using locator: AppiumBy.accessibilityId: More options
08:19:37.395 INFO  - [ACTION] About to click on element: [[AndroidDriver:  on ANDROID (5165164552d4daf979de2de068548005607c9d2a)] -> accessibility id: More options]
08:19:38.612 INFO  - [ACTION] Clicked on element: Unknown Element
08:19:38.907 INFO  - [ACTION] Looking for element using locator: By.xpath: //*[@text='Login with Browser']
08:19:39.030 INFO  - [ACTION] Found element using locator: By.xpath: //*[@text='Login with Browser']
08:19:39.696 INFO  - [TEST] Test passed: testMoreOptionsMenu
08:19:39.706 INFO  - [ENV] Tearing down AndroidDriver session for test: testMoreOptionsMenu
08:19:40.715 WARN  - Skipped Video Attachment (API < 27 devices do not support screen recording natively): An unknown error has occurred
Build info: version: '4.13.0', revision: 'ba948ece5b*'
System info: os.name: 'Linux', os.arch: 'amd64', os.version: '6.14.0-1017-azure', java.version: '17.0.18'
Driver info: io.appium.java_client.android.AndroidDriver
Command: [5165164552d4daf979de2de068548005607c9d2a, stopRecordingScreen {}]
Capabilities {appium:appActivity: com.keylesspalace.tusky.Mai..., appium:appPackage: com.keylesspalace.tusky, appium:automationName: uiautomator2, appium:bundleID: com.keylesspalace.tusky, appium:bundleId: com.keylesspalace.tusky, appium:chromedriverPorts: [[18133, 18143]], appium:databaseEnabled: false, appium:desired: {appActivity: com.keylesspalace.tusky.Mai..., appPackage: com.keylesspalace.tusky, automationName: uiautomator2, bstack:options: {buildIdentifier: #CI 22893309039, hostName: runnervm0kj6c, localIdentifier: Mar_10_0817_runnervm0kj6c_auqy}, bundleID: com.keylesspalace.tusky, bundleId: com.keylesspalace.tusky, chromedriverPorts: [[18133, 18143]], deviceName: samsung galaxy s22 ultra, disableSuppressAccessibilityService: true, goog:chromeOptions: {}, nativeWebScreenshot: true, newCommandTimeout: 0, platformName: Android, skipServerInstallation: true, systemPort: 8203, udid: R3CT40BS1JR}, appium:deviceApiLevel: 31, appium:deviceManufacturer: samsung, appium:deviceModel: SM-S908B, appium:deviceName: R3CT40BS1JR, appium:deviceScreenDensity: 450, appium:deviceScreenSize: 1080x2316, appium:deviceUDID: R3CT40BS1JR, appium:disableSuppressAccessibilityService: true, appium:javascriptEnabled: true, appium:locationContextEnabled: false, appium:nativeWebScreenshot: true, appium:networkConnectionEnabled: true, appium:newCommandTimeout: 0, appium:optimalHubUrl: hub-use.browserstack.com, appium:pixelRatio: 2.8125, appium:platformVersion: 12, appium:skipServerInstallation: true, appium:statBarHeight: 75, appium:systemPort: 8203, appium:takesScreenshot: true, appium:udid: R3CT40BS1JR, appium:viewportRect: {height: 2031, left: 0, top: 75, width: 1080}, appium:warnings: {}, appium:webStorageEnabled: false, bstack:options: {buildIdentifier: #CI 22893309039, hostName: runnervm0kj6c, localIdentifier: Mar_10_0817_runnervm0kj6c_auqy}, goog:chromeOptions: {}, platformName: ANDROID}
Session ID: 5165164552d4daf979de2de068548005607c9d2a
