08:21:34.881 INFO  - ======================================================
08:21:34.883 INFO  - [ENV] Starting test execution: testEnterValidServer
08:21:34.883 INFO  - [ENV] Initializing AndroidDriver session...
08:21:56.766 INFO  - ======================================================
08:21:56.767 INFO  - [ENV] Starting test execution: testEnterValidServer
08:21:56.767 INFO  - [ENV] Initializing AndroidDriver session...
08:22:07.501 INFO  - ======================================================
08:22:07.501 INFO  - [ENV] Starting test execution: testEnterValidServer
08:22:07.501 INFO  - [ENV] Initializing AndroidDriver session...
08:22:24.112 INFO  - [ENV] AndroidDriver session established successfully.
08:22:24.228 INFO  - [TEST] Test started: testEnterValidServer
08:22:24.261 INFO  - [ACTION] Looking for element using locator: AppiumBy.id: com.keylesspalace.tusky:id/domainEditText
08:22:24.311 INFO  - [ACTION] Found element using locator: AppiumBy.id: com.keylesspalace.tusky:id/domainEditText
08:22:24.603 INFO  - [ACTION] About to type text 'mastodon.social' into element: 'Which instance?'
08:22:26.100 INFO  - [ACTION] Typed text 'mastodon.social' into element: 'mastodon.social'
08:22:26.762 INFO  - [TEST] Test passed: testEnterValidServer
08:22:26.774 INFO  - [ENV] Tearing down AndroidDriver session for test: testEnterValidServer
08:22:27.691 WARN  - Skipped Video Attachment (API < 27 devices do not support screen recording natively): An unknown error has occurred
Build info: version: '4.13.0', revision: 'ba948ece5b*'
System info: os.name: 'Linux', os.arch: 'amd64', os.version: '6.14.0-1017-azure', java.version: '17.0.18'
Driver info: io.appium.java_client.android.AndroidDriver
Command: [8b825f5bc9a54654f2f9691e78ae02cb59f47a74, stopRecordingScreen {}]
Capabilities {appium:appActivity: com.keylesspalace.tusky.Mai..., appium:appPackage: com.keylesspalace.tusky, appium:automationName: uiautomator2, appium:bundleID: com.keylesspalace.tusky, appium:bundleId: com.keylesspalace.tusky, appium:chromedriverArgs: [--adb-port=5038], appium:chromedriverPorts: [[18166, 18176]], appium:databaseEnabled: false, appium:desired: {appActivity: com.keylesspalace.tusky.Mai..., appPackage: com.keylesspalace.tusky, automationName: uiautomator2, bstack:options: {buildIdentifier: #CI 22893410329, hostName: runnervm0kj6c, localIdentifier: Mar_10_0820_runnervm0kj6c_la40}, bundleID: com.keylesspalace.tusky, bundleId: com.keylesspalace.tusky, chromedriverArgs: [--adb-port=5038], chromedriverPorts: [[18166, 18176]], deviceName: oneplus 11r, disableSuppressAccessibilityService: true, goog:chromeOptions: {}, nativeWebScreenshot: true, newCommandTimeout: 0, platformName: Android, skipServerInstallation: true, systemPort: 8206, udid: e7ab81a4}, appium:deviceApiLevel: 33, appium:deviceManufacturer: OnePlus, appium:deviceModel: CPH2487, appium:deviceName: e7ab81a4, appium:deviceScreenDensity: 560, appium:deviceScreenSize: 1240x2772, appium:deviceUDID: e7ab81a4, appium:disableSuppressAccessibilityService: true, appium:javascriptEnabled: true, appium:locationContextEnabled: false, appium:nativeWebScreenshot: true, appium:networkConnectionEnabled: true, appium:newCommandTimeout: 0, appium:optimalHubUrl: hub-usw.browserstack.com, appium:pixelRatio: 3.5, appium:platformVersion: 13, appium:skipServerInstallation: true, appium:statBarHeight: 110, appium:systemPort: 8206, appium:takesScreenshot: true, appium:udid: e7ab81a4, appium:viewportRect: {height: 2398, left: 0, top: 110, width: 1240}, appium:warnings: {}, appium:webStorageEnabled: false, bstack:options: {buildIdentifier: #CI 22893410329, hostName: runnervm0kj6c, localIdentifier: Mar_10_0820_runnervm0kj6c_la40}, goog:chromeOptions: {}, platformName: ANDROID}
Session ID: 8b825f5bc9a54654f2f9691e78ae02cb59f47a74
08:22:28.610 INFO  - [ENV] AndroidDriver successfully closed.
08:22:28.610 INFO  - ======================================================
08:22:30.653 INFO  - [ENV] AndroidDriver session established successfully.
08:22:30.848 INFO  - [TEST] Test started: testEnterValidServer
08:22:30.889 INFO  - [ACTION] Looking for element using locator: AppiumBy.id: com.keylesspalace.tusky:id/domainEditText
08:22:31.919 INFO  - [ACTION] Found element using locator: AppiumBy.id: com.keylesspalace.tusky:id/domainEditText
08:22:32.099 INFO  - [ACTION] About to type text 'mastodon.social' into element: 'Which instance?'
08:22:33.429 INFO  - [ACTION] Typed text 'mastodon.social' into element: 'mastodon.social'
08:22:34.119 INFO  - [TEST] Test passed: testEnterValidServer
08:22:34.129 INFO  - [ENV] Tearing down AndroidDriver session for test: testEnterValidServer
08:22:35.927 WARN  - Skipped Video Attachment (API < 27 devices do not support screen recording natively): An unknown error has occurred
Build info: version: '4.13.0', revision: 'ba948ece5b*'
System info: os.name: 'Linux', os.arch: 'amd64', os.version: '6.14.0-1017-azure', java.version: '17.0.18'
Driver info: io.appium.java_client.android.AndroidDriver
Command: [d935dd6c1a76b87a77e3b92288cbd60a40d1d3f9, stopRecordingScreen {}]
Capabilities {appium:appActivity: com.keylesspalace.tusky.Mai..., appium:appPackage: com.keylesspalace.tusky, appium:automationName: uiautomator2, appium:bundleID: com.keylesspalace.tusky, appium:bundleId: com.keylesspalace.tusky, appium:chromedriverPorts: [[18155, 18165]], appium:databaseEnabled: false, appium:desired: {appActivity: com.keylesspalace.tusky.Mai..., appPackage: com.keylesspalace.tusky, automationName: uiautomator2, bstack:options: {buildIdentifier: #CI 22893410329, hostName: runnervm0kj6c, localIdentifier: Mar_10_0820_runnervm0kj6c_la40}, bundleID: com.keylesspalace.tusky, bundleId: com.keylesspalace.tusky, chromedriverPorts: [[18155, 18165]], deviceName: google pixel 8 pro, disableSuppressAccessibilityService: true, goog:chromeOptions: {}, nativeWebScreenshot: true, newCommandTimeout: 0, platformName: Android, skipServerInstallation: true, systemPort: 8205, udid: 3C210DLJG0029Z}, appium:deviceApiLevel: 34, appium:deviceManufacturer: Google, appium:deviceModel: Pixel 8 Pro, appium:deviceName: 3C210DLJG0029Z, appium:deviceScreenDensity: 360, appium:deviceScreenSize: 1008x2244, appium:deviceUDID: 3C210DLJG0029Z, appium:disableSuppressAccessibilityService: true, appium:javascriptEnabled: true, appium:locationContextEnabled: false, appium:nativeWebScreenshot: true, appium:networkConnectionEnabled: true, appium:newCommandTimeout: 0, appium:optimalHubUrl: hub-use.browserstack.com, appium:pixelRatio: 2.25, appium:platformVersion: 14, appium:skipServerInstallation: true, appium:statBarHeight: 151, appium:systemPort: 8205, appium:takesScreenshot: true, appium:udid: 3C210DLJG0029Z, appium:viewportRect: {height: 1926, left: 0, top: 151, width: 1008}, appium:warnings: {}, appium:webStorageEnabled: false, bstack:options: {buildIdentifier: #CI 22893410329, hostName: runnervm0kj6c, localIdentifier: Mar_10_0820_runnervm0kj6c_la40}, goog:chromeOptions: {}, platformName: ANDROID}
Session ID: d935dd6c1a76b87a77e3b92288cbd60a40d1d3f9
08:22:37.115 INFO  - [ENV] AndroidDriver successfully closed.
08:22:37.115 INFO  - ======================================================
08:22:45.772 INFO  - [ENV] AndroidDriver session established successfully.
08:22:45.862 INFO  - [TEST] Test started: testEnterValidServer
08:22:45.902 INFO  - [ACTION] Looking for element using locator: AppiumBy.id: com.keylesspalace.tusky:id/domainEditText
08:22:46.643 INFO  - [ACTION] Found element using locator: AppiumBy.id: com.keylesspalace.tusky:id/domainEditText
08:22:46.688 INFO  - [ACTION] About to type text 'mastodon.social' into element: 'Which instance?'
08:22:47.821 INFO  - [ACTION] Typed text 'mastodon.social' into element: 'mastodon.social'
08:22:48.397 INFO  - [TEST] Test passed: testEnterValidServer
08:22:48.407 INFO  - [ENV] Tearing down AndroidDriver session for test: testEnterValidServer
08:22:49.263 WARN  - Skipped Video Attachment (API < 27 devices do not support screen recording natively): An unknown error has occurred
Build info: version: '4.13.0', revision: 'ba948ece5b*'
System info: os.name: 'Linux', os.arch: 'amd64', os.version: '6.14.0-1017-azure', java.version: '17.0.18'
Driver info: io.appium.java_client.android.AndroidDriver
Command: [690446393ec00c62b0536c57b1b15ad921faeb56, stopRecordingScreen {}]
Capabilities {appium:appActivity: com.keylesspalace.tusky.Mai..., appium:appPackage: com.keylesspalace.tusky, appium:automationName: uiautomator2, appium:bundleID: com.keylesspalace.tusky, appium:bundleId: com.keylesspalace.tusky, appium:chromedriverPorts: [[18155, 18165]], appium:databaseEnabled: false, appium:desired: {appActivity: com.keylesspalace.tusky.Mai..., appPackage: com.keylesspalace.tusky, automationName: uiautomator2, bstack:options: {buildIdentifier: #CI 22893410329, hostName: runnervm0kj6c, localIdentifier: Mar_10_0820_runnervm0kj6c_la40}, bundleID: com.keylesspalace.tusky, bundleId: com.keylesspalace.tusky, chromedriverPorts: [[18155, 18165]], deviceName: samsung galaxy s22 ultra, disableSuppressAccessibilityService: true, goog:chromeOptions: {}, nativeWebScreenshot: true, newCommandTimeout: 0, platformName: Android, skipServerInstallation: true, systemPort: 8205, udid: R3CT40BS9RZ}, appium:deviceApiLevel: 31, appium:deviceManufacturer: samsung, appium:deviceModel: SM-S908B, appium:deviceName: R3CT40BS9RZ, appium:deviceScreenDensity: 450, appium:deviceScreenSize: 1080x2316, appium:deviceUDID: R3CT40BS9RZ, appium:disableSuppressAccessibilityService: true, appium:javascriptEnabled: true, appium:locationContextEnabled: false, appium:nativeWebScreenshot: true, appium:networkConnectionEnabled: true, appium:newCommandTimeout: 0, appium:optimalHubUrl: hub-usw.browserstack.com, appium:pixelRatio: 2.8125, appium:platformVersion: 12, appium:skipServerInstallation: true, appium:statBarHeight: 75, appium:systemPort: 8205, appium:takesScreenshot: true, appium:udid: R3CT40BS9RZ, appium:viewportRect: {height: 2031, left: 0, top: 75, width: 1080}, appium:warnings: {}, appium:webStorageEnabled: false, bstack:options: {buildIdentifier: #CI 22893410329, hostName: runnervm0kj6c, localIdentifier: Mar_10_0820_runnervm0kj6c_la40}, goog:chromeOptions: {}, platformName: ANDROID}
Session ID: 690446393ec00c62b0536c57b1b15ad921faeb56
