06:29:40.221 INFO  - ======================================================
06:29:40.222 INFO  - [ENV] Starting test execution: testClickLoginNavigatesToWeb
06:29:40.223 INFO  - [ENV] Initializing AndroidDriver session...
06:29:57.066 INFO  - [ENV] AndroidDriver session established successfully.
06:29:57.193 INFO  - [TEST] Test started: testClickLoginNavigatesToWeb
06:29:57.252 INFO  - [ACTION] Looking for element using locator: AppiumBy.id: com.keylesspalace.tusky:id/domainEditText
06:29:57.392 INFO  - [ACTION] Found element using locator: AppiumBy.id: com.keylesspalace.tusky:id/domainEditText
06:29:57.482 INFO  - [ACTION] About to type text 'mastodon.social' into element: 'Which instance?'
06:29:58.123 INFO  - [ACTION] Typed text 'mastodon.social' into element: 'mastodon.social'
06:29:58.124 INFO  - [ACTION] Looking for element using locator: AppiumBy.id: com.keylesspalace.tusky:id/loginButton
06:29:58.191 INFO  - [ACTION] Found element using locator: AppiumBy.id: com.keylesspalace.tusky:id/loginButton
06:29:58.257 INFO  - [ACTION] About to click on element: 'Login with Tusky'
06:29:58.985 INFO  - [ACTION] Clicked on element: Unknown Element
06:29:58.990 INFO  - [ACTION] Looking for element using locator: AppiumBy.id: com.keylesspalace.tusky:id/domainEditText
06:30:19.926 INFO  - ======================================================
06:30:19.926 INFO  - [ENV] Starting test execution: testClickLoginNavigatesToWeb
06:30:19.926 INFO  - [ENV] Initializing AndroidDriver session...
06:30:20.379 INFO  - [TEST] Test passed: testClickLoginNavigatesToWeb
06:30:20.389 INFO  - [ENV] Tearing down AndroidDriver session for test: testClickLoginNavigatesToWeb
06:30:21.460 WARN  - Skipped Video Attachment (API < 27 devices do not support screen recording natively): An unknown error has occurred
Build info: version: '4.13.0', revision: 'ba948ece5b*'
System info: os.name: 'Linux', os.arch: 'amd64', os.version: '6.14.0-1017-azure', java.version: '17.0.18'
Driver info: io.appium.java_client.android.AndroidDriver
Command: [49ae9453626b2e2dc48dc8e3abb40ea7cb0921a0, stopRecordingScreen {}]
Capabilities {appium:appActivity: com.keylesspalace.tusky.Mai..., appium:appPackage: com.keylesspalace.tusky, appium:automationName: uiautomator2, appium:bundleID: com.keylesspalace.tusky, appium:bundleId: com.keylesspalace.tusky, appium:chromedriverArgs: [--adb-port=5038], appium:chromedriverPorts: [[18155, 18165]], appium:databaseEnabled: false, appium:desired: {appActivity: com.keylesspalace.tusky.Mai..., appPackage: com.keylesspalace.tusky, automationName: uiautomator2, bstack:options: {buildIdentifier: #CI 22890077172, hostName: runnervm0kj6c, localIdentifier: Mar_10_0627_runnervm0kj6c_gr3i}, bundleID: com.keylesspalace.tusky, bundleId: com.keylesspalace.tusky, chromedriverArgs: [--adb-port=5038], chromedriverPorts: [[18155, 18165]], deviceName: oneplus 11r, disableSuppressAccessibilityService: true, goog:chromeOptions: {}, nativeWebScreenshot: true, newCommandTimeout: 0, platformName: Android, skipServerInstallation: true, systemPort: 8205, udid: ced094bb}, appium:deviceApiLevel: 33, appium:deviceManufacturer: OnePlus, appium:deviceModel: CPH2487, appium:deviceName: ced094bb, appium:deviceScreenDensity: 560, appium:deviceScreenSize: 1240x2772, appium:deviceUDID: ced094bb, appium:disableSuppressAccessibilityService: true, appium:javascriptEnabled: true, appium:locationContextEnabled: false, appium:nativeWebScreenshot: true, appium:networkConnectionEnabled: true, appium:newCommandTimeout: 0, appium:optimalHubUrl: hub-usw.browserstack.com, appium:pixelRatio: 3.5, appium:platformVersion: 13, appium:skipServerInstallation: true, appium:statBarHeight: 110, appium:systemPort: 8205, appium:takesScreenshot: true, appium:udid: ced094bb, appium:viewportRect: {height: 2398, left: 0, top: 110, width: 1240}, appium:warnings: {}, appium:webStorageEnabled: false, bstack:options: {buildIdentifier: #CI 22890077172, hostName: runnervm0kj6c, localIdentifier: Mar_10_0627_runnervm0kj6c_gr3i}, goog:chromeOptions: {}, platformName: ANDROID}
Session ID: 49ae9453626b2e2dc48dc8e3abb40ea7cb0921a0
