08:20:58.855 INFO  - ======================================================
08:20:58.856 INFO  - ======================================================
08:20:58.875 INFO  - [ENV] Starting test execution: testAppLaunch
08:20:58.855 INFO  - ======================================================
08:20:58.876 INFO  - [ENV] Starting test execution: testAppLaunch
08:20:58.877 INFO  - [ENV] Initializing AndroidDriver session...
08:20:58.874 INFO  - [ENV] Starting test execution: testAppLaunch
08:20:58.877 INFO  - [ENV] Initializing AndroidDriver session...
08:20:58.876 INFO  - [ENV] Initializing AndroidDriver session...
08:21:31.094 INFO  - [ENV] AndroidDriver session established successfully.
08:21:31.246 INFO  - [TEST] Test started: testAppLaunch
08:21:32.423 INFO  - [ACTION] Looking for element using locator: AppiumBy.id: com.keylesspalace.tusky:id/domainEditText
08:21:32.527 INFO  - [ACTION] Found element using locator: AppiumBy.id: com.keylesspalace.tusky:id/domainEditText
08:21:33.053 ERROR - [TEST] Test failed: testAppLaunch
08:21:33.066 INFO  - [ENV] Tearing down AndroidDriver session for test: testAppLaunch
08:21:33.827 WARN  - Skipped Video Attachment (API < 27 devices do not support screen recording natively): An unknown error has occurred
Build info: version: '4.13.0', revision: 'ba948ece5b*'
System info: os.name: 'Linux', os.arch: 'amd64', os.version: '6.14.0-1017-azure', java.version: '17.0.18'
Driver info: io.appium.java_client.android.AndroidDriver
Command: [4899b13c89c16514ad4940e20779d52eee47b65f, stopRecordingScreen {}]
Capabilities {appium:appActivity: com.keylesspalace.tusky.Mai..., appium:appPackage: com.keylesspalace.tusky, appium:automationName: uiautomator2, appium:bundleID: com.keylesspalace.tusky, appium:bundleId: com.keylesspalace.tusky, appium:chromedriverPorts: [[18111, 18121]], appium:databaseEnabled: false, appium:desired: {appActivity: com.keylesspalace.tusky.Mai..., appPackage: com.keylesspalace.tusky, automationName: uiautomator2, bstack:options: {buildIdentifier: #CI 22893410329, hostName: runnervm0kj6c, localIdentifier: Mar_10_0820_runnervm0kj6c_la40}, bundleID: com.keylesspalace.tusky, bundleId: com.keylesspalace.tusky, chromedriverPorts: [[18111, 18121]], deviceName: google pixel 8 pro, disableSuppressAccessibilityService: true, goog:chromeOptions: {}, nativeWebScreenshot: true, newCommandTimeout: 0, platformName: Android, skipServerInstallation: true, systemPort: 8201, udid: 38270DLJG0033Z}, appium:deviceApiLevel: 34, appium:deviceManufacturer: Google, appium:deviceModel: Pixel 8 Pro, appium:deviceName: 38270DLJG0033Z, appium:deviceScreenDensity: 360, appium:deviceScreenSize: 1008x2244, appium:deviceUDID: 38270DLJG0033Z, appium:disableSuppressAccessibilityService: true, appium:javascriptEnabled: true, appium:locationContextEnabled: false, appium:nativeWebScreenshot: true, appium:networkConnectionEnabled: true, appium:newCommandTimeout: 0, appium:optimalHubUrl: hub-usw.browserstack.com, appium:pixelRatio: 2.25, appium:platformVersion: 14, appium:skipServerInstallation: true, appium:statBarHeight: 151, appium:systemPort: 8201, appium:takesScreenshot: true, appium:udid: 38270DLJG0033Z, appium:viewportRect: {height: 1926, left: 0, top: 151, width: 1008}, appium:warnings: {}, appium:webStorageEnabled: false, bstack:options: {buildIdentifier: #CI 22893410329, hostName: runnervm0kj6c, localIdentifier: Mar_10_0820_runnervm0kj6c_la40}, goog:chromeOptions: {}, platformName: ANDROID}
Session ID: 4899b13c89c16514ad4940e20779d52eee47b65f
08:21:34.656 INFO  - [ENV] AndroidDriver session established successfully.
08:21:34.796 INFO  - [TEST] Test started: testAppLaunch
08:21:34.853 INFO  - [ENV] AndroidDriver successfully closed.
08:21:34.854 INFO  - ======================================================
08:21:35.613 INFO  - [ACTION] Looking for element using locator: AppiumBy.id: com.keylesspalace.tusky:id/domainEditText
08:21:35.724 INFO  - [ACTION] Found element using locator: AppiumBy.id: com.keylesspalace.tusky:id/domainEditText
08:21:36.378 INFO  - [TEST] Test passed: testAppLaunch
08:21:36.390 INFO  - [ENV] Tearing down AndroidDriver session for test: testAppLaunch
08:21:37.205 WARN  - Skipped Video Attachment (API < 27 devices do not support screen recording natively): An unknown error has occurred
Build info: version: '4.13.0', revision: 'ba948ece5b*'
System info: os.name: 'Linux', os.arch: 'amd64', os.version: '6.14.0-1017-azure', java.version: '17.0.18'
Driver info: io.appium.java_client.android.AndroidDriver
Command: [e1bb4a8563606d7944f68cebb6e945d075198063, stopRecordingScreen {}]
Capabilities {appium:appActivity: com.keylesspalace.tusky.Mai..., appium:appPackage: com.keylesspalace.tusky, appium:automationName: uiautomator2, appium:bundleID: com.keylesspalace.tusky, appium:bundleId: com.keylesspalace.tusky, appium:chromedriverPorts: [[18122, 18132]], appium:databaseEnabled: false, appium:desired: {appActivity: com.keylesspalace.tusky.Mai..., appPackage: com.keylesspalace.tusky, automationName: uiautomator2, bstack:options: {buildIdentifier: #CI 22893410329, hostName: runnervm0kj6c, localIdentifier: Mar_10_0820_runnervm0kj6c_la40}, bundleID: com.keylesspalace.tusky, bundleId: com.keylesspalace.tusky, chromedriverPorts: [[18122, 18132]], deviceName: samsung galaxy s22 ultra, disableSuppressAccessibilityService: true, goog:chromeOptions: {}, nativeWebScreenshot: true, newCommandTimeout: 0, platformName: Android, skipServerInstallation: true, systemPort: 8202, udid: R3CT40BSFKW}, appium:deviceApiLevel: 31, appium:deviceManufacturer: samsung, appium:deviceModel: SM-S908B, appium:deviceName: R3CT40BSFKW, appium:deviceScreenDensity: 450, appium:deviceScreenSize: 1080x2316, appium:deviceUDID: R3CT40BSFKW, appium:disableSuppressAccessibilityService: true, appium:javascriptEnabled: true, appium:locationContextEnabled: false, appium:nativeWebScreenshot: true, appium:networkConnectionEnabled: true, appium:newCommandTimeout: 0, appium:optimalHubUrl: hub-usw.browserstack.com, appium:pixelRatio: 2.8125, appium:platformVersion: 12, appium:skipServerInstallation: true, appium:statBarHeight: 75, appium:systemPort: 8202, appium:takesScreenshot: true, appium:udid: R3CT40BSFKW, appium:viewportRect: {height: 2031, left: 0, top: 75, width: 1080}, appium:warnings: {}, appium:webStorageEnabled: false, bstack:options: {buildIdentifier: #CI 22893410329, hostName: runnervm0kj6c, localIdentifier: Mar_10_0820_runnervm0kj6c_la40}, goog:chromeOptions: {}, platformName: ANDROID}
Session ID: e1bb4a8563606d7944f68cebb6e945d075198063
