08:18:01.678 INFO  - ======================================================
08:18:01.678 INFO  - ======================================================
08:18:01.696 INFO  - [ENV] Starting test execution: testWhatsAnInstanceLink
08:18:01.697 INFO  - [ENV] Starting test execution: testWhatsAnInstanceLink
08:18:01.697 INFO  - [ENV] Initializing AndroidDriver session...
08:18:01.697 INFO  - [ENV] Initializing AndroidDriver session...
08:18:01.678 INFO  - ======================================================
08:18:01.701 INFO  - [ENV] Starting test execution: testWhatsAnInstanceLink
08:18:01.702 INFO  - [ENV] Initializing AndroidDriver session...
08:18:24.930 INFO  - [ENV] AndroidDriver session established successfully.
08:18:25.393 INFO  - [TEST] Test started: testWhatsAnInstanceLink
08:18:25.651 ERROR - [ASSERT-FAIL]The helper text link should be present on the UI. expected [true] but found [false]
08:18:28.422 ERROR - [TEST] Test failed: testWhatsAnInstanceLink
08:18:28.436 INFO  - [ENV] Tearing down AndroidDriver session for test: testWhatsAnInstanceLink
08:18:30.770 WARN  - Skipped Video Attachment (API < 27 devices do not support screen recording natively): An unknown error has occurred
Build info: version: '4.13.0', revision: 'ba948ece5b*'
System info: os.name: 'Linux', os.arch: 'amd64', os.version: '6.14.0-1017-azure', java.version: '17.0.18'
Driver info: io.appium.java_client.android.AndroidDriver
Command: [789c1a9803bf0f532b7cb20197774290b5754e95, stopRecordingScreen {}]
Capabilities {appium:appActivity: com.keylesspalace.tusky.Mai..., appium:appPackage: com.keylesspalace.tusky, appium:automationName: uiautomator2, appium:bundleID: com.keylesspalace.tusky, appium:bundleId: com.keylesspalace.tusky, appium:chromedriverArgs: [--adb-port=5038], appium:chromedriverPorts: [[18133, 18143]], appium:databaseEnabled: false, appium:desired: {appActivity: com.keylesspalace.tusky.Mai..., appPackage: com.keylesspalace.tusky, automationName: uiautomator2, bstack:options: {buildIdentifier: #CI 22893309039, hostName: runnervm0kj6c, localIdentifier: Mar_10_0817_runnervm0kj6c_auqy}, bundleID: com.keylesspalace.tusky, bundleId: com.keylesspalace.tusky, chromedriverArgs: [--adb-port=5038], chromedriverPorts: [[18133, 18143]], deviceName: oneplus 11r, disableSuppressAccessibilityService: true, goog:chromeOptions: {}, nativeWebScreenshot: true, newCommandTimeout: 0, platformName: Android, skipServerInstallation: true, systemPort: 8203, udid: bb0ec49a}, appium:deviceApiLevel: 33, appium:deviceManufacturer: OnePlus, appium:deviceModel: CPH2487, appium:deviceName: bb0ec49a, appium:deviceScreenDensity: 560, appium:deviceScreenSize: 1240x2772, appium:deviceUDID: bb0ec49a, appium:disableSuppressAccessibilityService: true, appium:javascriptEnabled: true, appium:locationContextEnabled: false, appium:nativeWebScreenshot: true, appium:networkConnectionEnabled: true, appium:newCommandTimeout: 0, appium:optimalHubUrl: hub-euw.browserstack.com, appium:pixelRatio: 3.5, appium:platformVersion: 13, appium:skipServerInstallation: true, appium:statBarHeight: 110, appium:systemPort: 8203, appium:takesScreenshot: true, appium:udid: bb0ec49a, appium:viewportRect: {height: 2398, left: 0, top: 110, width: 1240}, appium:warnings: {}, appium:webStorageEnabled: false, bstack:options: {buildIdentifier: #CI 22893309039, hostName: runnervm0kj6c, localIdentifier: Mar_10_0817_runnervm0kj6c_auqy}, goog:chromeOptions: {}, platformName: ANDROID}
Session ID: 789c1a9803bf0f532b7cb20197774290b5754e95
08:18:31.521 INFO  - [ENV] AndroidDriver successfully closed.
08:18:31.521 INFO  - ======================================================
08:18:34.940 INFO  - [ENV] AndroidDriver session established successfully.
08:18:35.206 INFO  - [TEST] Test started: testWhatsAnInstanceLink
08:18:35.281 ERROR - [ASSERT-FAIL]The helper text link should be present on the UI. expected [true] but found [false]
08:18:36.689 ERROR - [TEST] Test failed: testWhatsAnInstanceLink
08:18:36.702 INFO  - [ENV] Tearing down AndroidDriver session for test: testWhatsAnInstanceLink
08:18:37.487 INFO  - [ENV] AndroidDriver session established successfully.
08:18:37.661 WARN  - Skipped Video Attachment (API < 27 devices do not support screen recording natively): An unknown error has occurred
Build info: version: '4.13.0', revision: 'ba948ece5b*'
System info: os.name: 'Linux', os.arch: 'amd64', os.version: '6.14.0-1017-azure', java.version: '17.0.18'
Driver info: io.appium.java_client.android.AndroidDriver
Command: [f3676cee868ab7680db3273759271ea3edbe41bb, stopRecordingScreen {}]
Capabilities {appium:appActivity: com.keylesspalace.tusky.Mai..., appium:appPackage: com.keylesspalace.tusky, appium:automationName: uiautomator2, appium:bundleID: com.keylesspalace.tusky, appium:bundleId: com.keylesspalace.tusky, appium:chromedriverPorts: [[18155, 18165]], appium:databaseEnabled: false, appium:desired: {appActivity: com.keylesspalace.tusky.Mai..., appPackage: com.keylesspalace.tusky, automationName: uiautomator2, bstack:options: {buildIdentifier: #CI 22893309039, hostName: runnervm0kj6c, localIdentifier: Mar_10_0817_runnervm0kj6c_auqy}, bundleID: com.keylesspalace.tusky, bundleId: com.keylesspalace.tusky, chromedriverPorts: [[18155, 18165]], deviceName: google pixel 8 pro, disableSuppressAccessibilityService: true, goog:chromeOptions: {}, nativeWebScreenshot: true, newCommandTimeout: 0, platformName: Android, skipServerInstallation: true, systemPort: 8205, udid: 3C210DLJG0029Z}, appium:deviceApiLevel: 34, appium:deviceManufacturer: Google, appium:deviceModel: Pixel 8 Pro, appium:deviceName: 3C210DLJG0029Z, appium:deviceScreenDensity: 360, appium:deviceScreenSize: 1008x2244, appium:deviceUDID: 3C210DLJG0029Z, appium:disableSuppressAccessibilityService: true, appium:javascriptEnabled: true, appium:locationContextEnabled: false, appium:nativeWebScreenshot: true, appium:networkConnectionEnabled: true, appium:newCommandTimeout: 0, appium:optimalHubUrl: hub-use.browserstack.com, appium:pixelRatio: 2.25, appium:platformVersion: 14, appium:skipServerInstallation: true, appium:statBarHeight: 151, appium:systemPort: 8205, appium:takesScreenshot: true, appium:udid: 3C210DLJG0029Z, appium:viewportRect: {height: 1926, left: 0, top: 151, width: 1008}, appium:warnings: {}, appium:webStorageEnabled: false, bstack:options: {buildIdentifier: #CI 22893309039, hostName: runnervm0kj6c, localIdentifier: Mar_10_0817_runnervm0kj6c_auqy}, goog:chromeOptions: {}, platformName: ANDROID}
Session ID: f3676cee868ab7680db3273759271ea3edbe41bb
