06:05:25.186 INFO  - ======================================================
06:05:25.188 INFO  - [ENV] Starting test execution: testWhatsAnInstanceLink
06:05:25.188 INFO  - [ENV] Initializing AndroidDriver session...
06:05:35.837 INFO  - ======================================================
06:05:35.838 INFO  - [ENV] Starting test execution: testWhatsAnInstanceLink
06:05:35.838 INFO  - [ENV] Initializing AndroidDriver session...
06:05:45.741 INFO  - [ENV] AndroidDriver session established successfully.
06:05:46.134 INFO  - [TEST] Test started: testWhatsAnInstanceLink
06:05:46.213 ERROR - [ASSERT-FAIL]The helper text link should be present on the UI. expected [true] but found [false]
06:05:48.378 ERROR - [TEST] Test failed: testWhatsAnInstanceLink
06:05:48.392 INFO  - [ENV] Tearing down AndroidDriver session for test: testWhatsAnInstanceLink
06:05:49.909 WARN  - Skipped Video Attachment (API < 27 devices do not support screen recording natively): An unknown error has occurred
Build info: version: '4.13.0', revision: 'ba948ece5b*'
System info: os.name: 'Linux', os.arch: 'amd64', os.version: '6.14.0-1017-azure', java.version: '17.0.18'
Driver info: io.appium.java_client.android.AndroidDriver
Command: [9fc67b04de30bc344776ed952a96d160c8210692, stopRecordingScreen {}]
Capabilities {appium:appActivity: com.keylesspalace.tusky.Mai..., appium:appPackage: com.keylesspalace.tusky, appium:automationName: uiautomator2, appium:bundleID: com.keylesspalace.tusky, appium:bundleId: com.keylesspalace.tusky, appium:chromedriverArgs: [--adb-port=5038], appium:chromedriverPorts: [[18111, 18121]], appium:databaseEnabled: false, appium:desired: {appActivity: com.keylesspalace.tusky.Mai..., appPackage: com.keylesspalace.tusky, automationName: uiautomator2, bstack:options: {buildIdentifier: #CI 22889460710, hostName: runnervm0kj6c, localIdentifier: Mar_10_0604_runnervm0kj6c_y8us}, bundleID: com.keylesspalace.tusky, bundleId: com.keylesspalace.tusky, chromedriverArgs: [--adb-port=5038], chromedriverPorts: [[18111, 18121]], deviceName: oneplus 11r, disableSuppressAccessibilityService: true, goog:chromeOptions: {}, nativeWebScreenshot: true, newCommandTimeout: 0, platformName: Android, skipServerInstallation: true, systemPort: 8201, udid: 1c05fc71}, appium:deviceApiLevel: 33, appium:deviceManufacturer: OnePlus, appium:deviceModel: CPH2487, appium:deviceName: 1c05fc71, appium:deviceScreenDensity: 560, appium:deviceScreenSize: 1240x2772, appium:deviceUDID: 1c05fc71, appium:disableSuppressAccessibilityService: true, appium:javascriptEnabled: true, appium:locationContextEnabled: false, appium:nativeWebScreenshot: true, appium:networkConnectionEnabled: true, appium:newCommandTimeout: 0, appium:optimalHubUrl: hub-euw.browserstack.com, appium:pixelRatio: 3.5, appium:platformVersion: 13, appium:skipServerInstallation: true, appium:statBarHeight: 110, appium:systemPort: 8201, appium:takesScreenshot: true, appium:udid: 1c05fc71, appium:viewportRect: {height: 2398, left: 0, top: 110, width: 1240}, appium:warnings: {}, appium:webStorageEnabled: false, bstack:options: {buildIdentifier: #CI 22889460710, hostName: runnervm0kj6c, localIdentifier: Mar_10_0604_runnervm0kj6c_y8us}, goog:chromeOptions: {}, platformName: ANDROID}
Session ID: 9fc67b04de30bc344776ed952a96d160c8210692
06:05:50.793 INFO  - [ENV] AndroidDriver successfully closed.
06:05:50.793 INFO  - ======================================================
06:06:08.215 INFO  - [ENV] AndroidDriver session established successfully.
06:06:08.401 INFO  - [TEST] Test started: testWhatsAnInstanceLink
06:06:08.477 ERROR - [ASSERT-FAIL]The helper text link should be present on the UI. expected [true] but found [false]
