06:29:13.323 INFO  - ======================================================
06:29:13.325 INFO  - [ENV] Starting test execution: testEnterValidServer
06:29:13.325 INFO  - [ENV] Initializing AndroidDriver session...
06:29:34.143 INFO  - [ENV] AndroidDriver session established successfully.
06:29:34.570 INFO  - [TEST] Test started: testEnterValidServer
06:29:34.647 INFO  - [ACTION] Looking for element using locator: AppiumBy.id: com.keylesspalace.tusky:id/domainEditText
06:29:35.126 INFO  - [ACTION] Found element using locator: AppiumBy.id: com.keylesspalace.tusky:id/domainEditText
06:29:35.462 INFO  - [ACTION] About to type text 'mastodon.social' into element: 'Which instance?'
06:29:36.321 INFO  - [ACTION] Typed text 'mastodon.social' into element: 'mastodon.social'
06:29:36.865 INFO  - [TEST] Test passed: testEnterValidServer
06:29:36.875 INFO  - [ENV] Tearing down AndroidDriver session for test: testEnterValidServer
06:29:37.575 INFO  - ======================================================
06:29:37.575 INFO  - [ENV] Starting test execution: testEnterValidServer
06:29:37.575 INFO  - [ENV] Initializing AndroidDriver session...
06:29:39.304 WARN  - Skipped Video Attachment (API < 27 devices do not support screen recording natively): An unknown error has occurred
Build info: version: '4.13.0', revision: 'ba948ece5b*'
System info: os.name: 'Linux', os.arch: 'amd64', os.version: '6.14.0-1017-azure', java.version: '17.0.18'
Driver info: io.appium.java_client.android.AndroidDriver
Command: [3dc77df00f30f25d2cb23b30197612b4009ab57f, stopRecordingScreen {}]
Capabilities {appium:appActivity: com.keylesspalace.tusky.Mai..., appium:appPackage: com.keylesspalace.tusky, appium:automationName: uiautomator2, appium:bundleID: com.keylesspalace.tusky, appium:bundleId: com.keylesspalace.tusky, appium:chromedriverArgs: [--adb-port=5038], appium:chromedriverPorts: [[18122, 18132]], appium:databaseEnabled: false, appium:desired: {appActivity: com.keylesspalace.tusky.Mai..., appPackage: com.keylesspalace.tusky, automationName: uiautomator2, bstack:options: {buildIdentifier: #CI 22890077172, hostName: runnervm0kj6c, localIdentifier: Mar_10_0627_runnervm0kj6c_gr3i}, bundleID: com.keylesspalace.tusky, bundleId: com.keylesspalace.tusky, chromedriverArgs: [--adb-port=5038], chromedriverPorts: [[18122, 18132]], deviceName: oneplus 11r, disableSuppressAccessibilityService: true, goog:chromeOptions: {}, nativeWebScreenshot: true, newCommandTimeout: 0, platformName: Android, skipServerInstallation: true, systemPort: 8202, udid: 7a370795}, appium:deviceApiLevel: 33, appium:deviceManufacturer: OnePlus, appium:deviceModel: CPH2487, appium:deviceName: 7a370795, appium:deviceScreenDensity: 560, appium:deviceScreenSize: 1240x2772, appium:deviceUDID: 7a370795, appium:disableSuppressAccessibilityService: true, appium:javascriptEnabled: true, appium:locationContextEnabled: false, appium:nativeWebScreenshot: true, appium:networkConnectionEnabled: true, appium:newCommandTimeout: 0, appium:optimalHubUrl: hub-euw.browserstack.com, appium:pixelRatio: 3.5, appium:platformVersion: 13, appium:skipServerInstallation: true, appium:statBarHeight: 110, appium:systemPort: 8202, appium:takesScreenshot: true, appium:udid: 7a370795, appium:viewportRect: {height: 2398, left: 0, top: 110, width: 1240}, appium:warnings: {}, appium:webStorageEnabled: false, bstack:options: {buildIdentifier: #CI 22890077172, hostName: runnervm0kj6c, localIdentifier: Mar_10_0627_runnervm0kj6c_gr3i}, goog:chromeOptions: {}, platformName: ANDROID}
Session ID: 3dc77df00f30f25d2cb23b30197612b4009ab57f
