06:04:59.177 INFO  - ======================================================
06:04:59.177 INFO  - ======================================================
06:04:59.178 INFO  - ======================================================
06:04:59.192 INFO  - [ENV] Starting test execution: testAppLaunch
06:04:59.192 INFO  - [ENV] Starting test execution: testAppLaunch
06:04:59.192 INFO  - [ENV] Initializing AndroidDriver session...
06:04:59.192 INFO  - [ENV] Initializing AndroidDriver session...
06:04:59.192 INFO  - [ENV] Starting test execution: testAppLaunch
06:04:59.192 INFO  - [ENV] Initializing AndroidDriver session...
06:05:18.790 INFO  - [ENV] AndroidDriver session established successfully.
06:05:19.704 INFO  - [TEST] Test started: testAppLaunch
06:05:20.433 INFO  - [ACTION] Looking for element using locator: AppiumBy.id: com.keylesspalace.tusky:id/domainEditText
06:05:21.076 INFO  - [ACTION] Found element using locator: AppiumBy.id: com.keylesspalace.tusky:id/domainEditText
06:05:21.847 INFO  - [TEST] Test passed: testAppLaunch
06:05:21.873 INFO  - [ENV] Tearing down AndroidDriver session for test: testAppLaunch
06:05:23.682 WARN  - Skipped Video Attachment (API < 27 devices do not support screen recording natively): An unknown error has occurred
Build info: version: '4.13.0', revision: 'ba948ece5b*'
System info: os.name: 'Linux', os.arch: 'amd64', os.version: '6.14.0-1017-azure', java.version: '17.0.18'
Driver info: io.appium.java_client.android.AndroidDriver
Command: [15f69cf4d0f27144f04c903b24603b6e4b2926c0, stopRecordingScreen {}]
Capabilities {appium:appActivity: com.keylesspalace.tusky.Mai..., appium:appPackage: com.keylesspalace.tusky, appium:automationName: uiautomator2, appium:bundleID: com.keylesspalace.tusky, appium:bundleId: com.keylesspalace.tusky, appium:chromedriverArgs: [--adb-port=5038], appium:chromedriverPorts: [[18155, 18165]], appium:databaseEnabled: false, appium:desired: {appActivity: com.keylesspalace.tusky.Mai..., appPackage: com.keylesspalace.tusky, automationName: uiautomator2, bstack:options: {buildIdentifier: #CI 22889460710, hostName: runnervm0kj6c, localIdentifier: Mar_10_0604_runnervm0kj6c_y8us}, bundleID: com.keylesspalace.tusky, bundleId: com.keylesspalace.tusky, chromedriverArgs: [--adb-port=5038], chromedriverPorts: [[18155, 18165]], deviceName: oneplus 11r, disableSuppressAccessibilityService: true, goog:chromeOptions: {}, nativeWebScreenshot: true, newCommandTimeout: 0, platformName: Android, skipServerInstallation: true, systemPort: 8205, udid: ced094bb}, appium:deviceApiLevel: 33, appium:deviceManufacturer: OnePlus, appium:deviceModel: CPH2487, appium:deviceName: ced094bb, appium:deviceScreenDensity: 560, appium:deviceScreenSize: 1240x2772, appium:deviceUDID: ced094bb, appium:disableSuppressAccessibilityService: true, appium:javascriptEnabled: true, appium:locationContextEnabled: false, appium:nativeWebScreenshot: true, appium:networkConnectionEnabled: true, appium:newCommandTimeout: 0, appium:optimalHubUrl: hub-usw.browserstack.com, appium:pixelRatio: 3.5, appium:platformVersion: 13, appium:skipServerInstallation: true, appium:statBarHeight: 110, appium:systemPort: 8205, appium:takesScreenshot: true, appium:udid: ced094bb, appium:viewportRect: {height: 2398, left: 0, top: 110, width: 1240}, appium:warnings: {}, appium:webStorageEnabled: false, bstack:options: {buildIdentifier: #CI 22889460710, hostName: runnervm0kj6c, localIdentifier: Mar_10_0604_runnervm0kj6c_y8us}, goog:chromeOptions: {}, platformName: ANDROID}
Session ID: 15f69cf4d0f27144f04c903b24603b6e4b2926c0
06:05:25.154 INFO  - [ENV] AndroidDriver successfully closed.
06:05:25.154 INFO  - ======================================================
06:05:32.418 INFO  - [ENV] AndroidDriver session established successfully.
06:05:32.589 INFO  - [TEST] Test started: testAppLaunch
06:05:33.220 INFO  - [ACTION] Looking for element using locator: AppiumBy.id: com.keylesspalace.tusky:id/domainEditText
06:05:33.386 INFO  - [ACTION] Found element using locator: AppiumBy.id: com.keylesspalace.tusky:id/domainEditText
06:05:34.090 INFO  - [TEST] Test passed: testAppLaunch
06:05:34.104 INFO  - [ENV] Tearing down AndroidDriver session for test: testAppLaunch
06:05:35.085 WARN  - Skipped Video Attachment (API < 27 devices do not support screen recording natively): An unknown error has occurred
Build info: version: '4.13.0', revision: 'ba948ece5b*'
System info: os.name: 'Linux', os.arch: 'amd64', os.version: '6.14.0-1017-azure', java.version: '17.0.18'
Driver info: io.appium.java_client.android.AndroidDriver
Command: [5dab98360ca290ee552bf2be980538b3c27159dc, stopRecordingScreen {}]
Capabilities {appium:appActivity: com.keylesspalace.tusky.Mai..., appium:appPackage: com.keylesspalace.tusky, appium:automationName: uiautomator2, appium:bundleID: com.keylesspalace.tusky, appium:bundleId: com.keylesspalace.tusky, appium:chromedriverPorts: [[18100, 18110]], appium:databaseEnabled: false, appium:desired: {appActivity: com.keylesspalace.tusky.Mai..., appPackage: com.keylesspalace.tusky, automationName: uiautomator2, bstack:options: {buildIdentifier: #CI 22889460710, hostName: runnervm0kj6c, localIdentifier: Mar_10_0604_runnervm0kj6c_y8us}, bundleID: com.keylesspalace.tusky, bundleId: com.keylesspalace.tusky, chromedriverPorts: [[18100, 18110]], deviceName: google pixel 8 pro, disableSuppressAccessibilityService: true, goog:chromeOptions: {}, nativeWebScreenshot: true, newCommandTimeout: 0, platformName: Android, skipServerInstallation: true, systemPort: 8200, udid: 3B130DLJG00136}, appium:deviceApiLevel: 34, appium:deviceManufacturer: Google, appium:deviceModel: Pixel 8 Pro, appium:deviceName: 3B130DLJG00136, appium:deviceScreenDensity: 360, appium:deviceScreenSize: 1008x2244, appium:deviceUDID: 3B130DLJG00136, appium:disableSuppressAccessibilityService: true, appium:javascriptEnabled: true, appium:locationContextEnabled: false, appium:nativeWebScreenshot: true, appium:networkConnectionEnabled: true, appium:newCommandTimeout: 0, appium:optimalHubUrl: hub-use.browserstack.com, appium:pixelRatio: 2.25, appium:platformVersion: 14, appium:skipServerInstallation: true, appium:statBarHeight: 151, appium:systemPort: 8200, appium:takesScreenshot: true, appium:udid: 3B130DLJG00136, appium:viewportRect: {height: 1926, left: 0, top: 151, width: 1008}, appium:warnings: {}, appium:webStorageEnabled: false, bstack:options: {buildIdentifier: #CI 22889460710, hostName: runnervm0kj6c, localIdentifier: Mar_10_0604_runnervm0kj6c_y8us}, goog:chromeOptions: {}, platformName: ANDROID}
Session ID: 5dab98360ca290ee552bf2be980538b3c27159dc
06:05:35.817 INFO  - [ENV] AndroidDriver successfully closed.
06:05:35.817 INFO  - ======================================================
06:06:21.454 INFO  - [ENV] AndroidDriver session established successfully.
06:06:21.720 INFO  - [TEST] Test started: testAppLaunch
06:06:22.326 INFO  - [ACTION] Looking for element using locator: AppiumBy.id: com.keylesspalace.tusky:id/domainEditText
06:06:22.448 INFO  - [ACTION] Found element using locator: AppiumBy.id: com.keylesspalace.tusky:id/domainEditText
06:06:22.962 INFO  - [TEST] Test passed: testAppLaunch
06:06:22.972 INFO  - [ENV] Tearing down AndroidDriver session for test: testAppLaunch
06:06:24.138 WARN  - Skipped Video Attachment (API < 27 devices do not support screen recording natively): An unknown error has occurred
Build info: version: '4.13.0', revision: 'ba948ece5b*'
System info: os.name: 'Linux', os.arch: 'amd64', os.version: '6.14.0-1017-azure', java.version: '17.0.18'
Driver info: io.appium.java_client.android.AndroidDriver
Command: [0fbc132f5c07c4e2783a705bdf5e268b0788918d, stopRecordingScreen {}]
Capabilities {appium:appActivity: com.keylesspalace.tusky.Mai..., appium:appPackage: com.keylesspalace.tusky, appium:automationName: uiautomator2, appium:bundleID: com.keylesspalace.tusky, appium:bundleId: com.keylesspalace.tusky, appium:chromedriverPorts: [[18144, 18154]], appium:databaseEnabled: false, appium:desired: {appActivity: com.keylesspalace.tusky.Mai..., appPackage: com.keylesspalace.tusky, automationName: uiautomator2, bstack:options: {buildIdentifier: #CI 22889460710, hostName: runnervm0kj6c, localIdentifier: Mar_10_0604_runnervm0kj6c_y8us}, bundleID: com.keylesspalace.tusky, bundleId: com.keylesspalace.tusky, chromedriverPorts: [[18144, 18154]], deviceName: samsung galaxy s22 ultra, disableSuppressAccessibilityService: true, goog:chromeOptions: {}, nativeWebScreenshot: true, newCommandTimeout: 0, platformName: Android, skipServerInstallation: true, systemPort: 8204, udid: R3CT40BRA3D}, appium:deviceApiLevel: 31, appium:deviceManufacturer: samsung, appium:deviceModel: SM-S908B, appium:deviceName: R3CT40BRA3D, appium:deviceScreenDensity: 450, appium:deviceScreenSize: 1080x2316, appium:deviceUDID: R3CT40BRA3D, appium:disableSuppressAccessibilityService: true, appium:javascriptEnabled: true, appium:locationContextEnabled: false, appium:nativeWebScreenshot: true, appium:networkConnectionEnabled: true, appium:newCommandTimeout: 0, appium:optimalHubUrl: hub-use.browserstack.com, appium:pixelRatio: 2.8125, appium:platformVersion: 12, appium:skipServerInstallation: true, appium:statBarHeight: 75, appium:systemPort: 8204, appium:takesScreenshot: true, appium:udid: R3CT40BRA3D, appium:viewportRect: {height: 2031, left: 0, top: 75, width: 1080}, appium:warnings: {}, appium:webStorageEnabled: false, bstack:options: {buildIdentifier: #CI 22889460710, hostName: runnervm0kj6c, localIdentifier: Mar_10_0604_runnervm0kj6c_y8us}, goog:chromeOptions: {}, platformName: ANDROID}
Session ID: 0fbc132f5c07c4e2783a705bdf5e268b0788918d
