06:06:56.743 INFO  - ======================================================
06:06:56.744 INFO  - [ENV] Starting test execution: testClickLoginNavigatesToWeb
06:06:56.745 INFO  - [ENV] Initializing AndroidDriver session...
06:07:16.815 INFO  - [ENV] AndroidDriver session established successfully.
06:07:17.149 INFO  - [TEST] Test started: testClickLoginNavigatesToWeb
06:07:17.237 INFO  - [ACTION] Looking for element using locator: AppiumBy.id: com.keylesspalace.tusky:id/domainEditText
06:07:17.506 INFO  - [ACTION] Found element using locator: AppiumBy.id: com.keylesspalace.tusky:id/domainEditText
06:07:17.768 INFO  - [ACTION] About to type text 'mastodon.social' into element: 'Which instance?'
06:07:18.582 INFO  - [ACTION] Typed text 'mastodon.social' into element: 'mastodon.social'
06:07:18.582 INFO  - [ACTION] Looking for element using locator: AppiumBy.id: com.keylesspalace.tusky:id/loginButton
06:07:18.916 INFO  - [ACTION] Found element using locator: AppiumBy.id: com.keylesspalace.tusky:id/loginButton
06:07:19.763 INFO  - [ACTION] About to click on element: 'Login with Tusky'
06:07:20.897 INFO  - [ACTION] Clicked on element: Unknown Element
06:07:20.901 INFO  - [ACTION] Looking for element using locator: AppiumBy.id: com.keylesspalace.tusky:id/domainEditText
06:07:29.406 INFO  - ======================================================
06:07:29.406 INFO  - [ENV] Starting test execution: testClickLoginNavigatesToWeb
06:07:29.406 INFO  - [ENV] Initializing AndroidDriver session...
06:07:42.193 INFO  - [TEST] Test passed: testClickLoginNavigatesToWeb
06:07:42.202 INFO  - [ENV] Tearing down AndroidDriver session for test: testClickLoginNavigatesToWeb
06:07:44.260 WARN  - Skipped Video Attachment (API < 27 devices do not support screen recording natively): An unknown error has occurred
Build info: version: '4.13.0', revision: 'ba948ece5b*'
System info: os.name: 'Linux', os.arch: 'amd64', os.version: '6.14.0-1017-azure', java.version: '17.0.18'
Driver info: io.appium.java_client.android.AndroidDriver
Command: [37acde53cf556a224b72c4482a2a01418d7df9f6, stopRecordingScreen {}]
Capabilities {appium:appActivity: com.keylesspalace.tusky.Mai..., appium:appPackage: com.keylesspalace.tusky, appium:automationName: uiautomator2, appium:bundleID: com.keylesspalace.tusky, appium:bundleId: com.keylesspalace.tusky, appium:chromedriverArgs: [--adb-port=5038], appium:chromedriverPorts: [[18122, 18132]], appium:databaseEnabled: false, appium:desired: {appActivity: com.keylesspalace.tusky.Mai..., appPackage: com.keylesspalace.tusky, automationName: uiautomator2, bstack:options: {buildIdentifier: #CI 22889460710, hostName: runnervm0kj6c, localIdentifier: Mar_10_0604_runnervm0kj6c_y8us}, bundleID: com.keylesspalace.tusky, bundleId: com.keylesspalace.tusky, chromedriverArgs: [--adb-port=5038], chromedriverPorts: [[18122, 18132]], deviceName: oneplus 11r, disableSuppressAccessibilityService: true, goog:chromeOptions: {}, nativeWebScreenshot: true, newCommandTimeout: 0, platformName: Android, skipServerInstallation: true, systemPort: 8202, udid: 7a370795}, appium:deviceApiLevel: 33, appium:deviceManufacturer: OnePlus, appium:deviceModel: CPH2487, appium:deviceName: 7a370795, appium:deviceScreenDensity: 560, appium:deviceScreenSize: 1240x2772, appium:deviceUDID: 7a370795, appium:disableSuppressAccessibilityService: true, appium:javascriptEnabled: true, appium:locationContextEnabled: false, appium:nativeWebScreenshot: true, appium:networkConnectionEnabled: true, appium:newCommandTimeout: 0, appium:optimalHubUrl: hub-euw.browserstack.com, appium:pixelRatio: 3.5, appium:platformVersion: 13, appium:skipServerInstallation: true, appium:statBarHeight: 110, appium:systemPort: 8202, appium:takesScreenshot: true, appium:udid: 7a370795, appium:viewportRect: {height: 2398, left: 0, top: 110, width: 1240}, appium:warnings: {}, appium:webStorageEnabled: false, bstack:options: {buildIdentifier: #CI 22889460710, hostName: runnervm0kj6c, localIdentifier: Mar_10_0604_runnervm0kj6c_y8us}, goog:chromeOptions: {}, platformName: ANDROID}
Session ID: 37acde53cf556a224b72c4482a2a01418d7df9f6
06:07:46.312 INFO  - [ENV] AndroidDriver successfully closed.
06:07:46.312 INFO  - ======================================================
06:08:03.065 INFO  - [ENV] AndroidDriver session established successfully.
06:08:03.287 INFO  - [TEST] Test started: testClickLoginNavigatesToWeb
06:08:03.365 INFO  - [ACTION] Looking for element using locator: AppiumBy.id: com.keylesspalace.tusky:id/domainEditText
06:08:04.623 INFO  - [ACTION] Found element using locator: AppiumBy.id: com.keylesspalace.tusky:id/domainEditText
06:08:04.856 INFO  - [ACTION] About to type text 'mastodon.social' into element: 'Which instance?'
06:08:06.067 INFO  - [ACTION] Typed text 'mastodon.social' into element: 'mastodon.social'
06:08:06.067 INFO  - [ACTION] Looking for element using locator: AppiumBy.id: com.keylesspalace.tusky:id/loginButton
06:08:06.304 INFO  - [ACTION] Found element using locator: AppiumBy.id: com.keylesspalace.tusky:id/loginButton
06:08:07.351 INFO  - [ACTION] About to click on element: 'Login with Tusky'
06:08:08.278 INFO  - [ACTION] Clicked on element: Unknown Element
06:08:08.279 INFO  - [ACTION] Looking for element using locator: AppiumBy.id: com.keylesspalace.tusky:id/domainEditText
06:08:25.999 INFO  - ======================================================
06:08:25.999 INFO  - [ENV] Starting test execution: testClickLoginNavigatesToWeb
06:08:26.000 INFO  - [ENV] Initializing AndroidDriver session...
06:08:29.481 INFO  - [TEST] Test passed: testClickLoginNavigatesToWeb
06:08:29.496 INFO  - [ENV] Tearing down AndroidDriver session for test: testClickLoginNavigatesToWeb
06:08:30.982 WARN  - Skipped Video Attachment (API < 27 devices do not support screen recording natively): An unknown error has occurred
Build info: version: '4.13.0', revision: 'ba948ece5b*'
System info: os.name: 'Linux', os.arch: 'amd64', os.version: '6.14.0-1017-azure', java.version: '17.0.18'
Driver info: io.appium.java_client.android.AndroidDriver
Command: [318ff3d2a3d7d13861092fc4374b3ae8b3211678, stopRecordingScreen {}]
Capabilities {appium:appActivity: com.keylesspalace.tusky.Mai..., appium:appPackage: com.keylesspalace.tusky, appium:automationName: uiautomator2, appium:bundleID: com.keylesspalace.tusky, appium:bundleId: com.keylesspalace.tusky, appium:chromedriverPorts: [[18122, 18132]], appium:databaseEnabled: false, appium:desired: {appActivity: com.keylesspalace.tusky.Mai..., appPackage: com.keylesspalace.tusky, automationName: uiautomator2, bstack:options: {buildIdentifier: #CI 22889460710, hostName: runnervm0kj6c, localIdentifier: Mar_10_0604_runnervm0kj6c_y8us}, bundleID: com.keylesspalace.tusky, bundleId: com.keylesspalace.tusky, chromedriverPorts: [[18122, 18132]], deviceName: google pixel 8 pro, disableSuppressAccessibilityService: true, goog:chromeOptions: {}, nativeWebScreenshot: true, newCommandTimeout: 0, platformName: Android, skipServerInstallation: true, systemPort: 8202, udid: 38160DLJG001T4}, appium:deviceApiLevel: 34, appium:deviceManufacturer: Google, appium:deviceModel: Pixel 8 Pro, appium:deviceName: 38160DLJG001T4, appium:deviceScreenDensity: 360, appium:deviceScreenSize: 1008x2244, appium:deviceUDID: 38160DLJG001T4, appium:disableSuppressAccessibilityService: true, appium:javascriptEnabled: true, appium:locationContextEnabled: false, appium:nativeWebScreenshot: true, appium:networkConnectionEnabled: true, appium:newCommandTimeout: 0, appium:optimalHubUrl: hub-usw.browserstack.com, appium:pixelRatio: 2.25, appium:platformVersion: 14, appium:skipServerInstallation: true, appium:statBarHeight: 151, appium:systemPort: 8202, appium:takesScreenshot: true, appium:udid: 38160DLJG001T4, appium:viewportRect: {height: 1926, left: 0, top: 151, width: 1008}, appium:warnings: {}, appium:webStorageEnabled: false, bstack:options: {buildIdentifier: #CI 22889460710, hostName: runnervm0kj6c, localIdentifier: Mar_10_0604_runnervm0kj6c_y8us}, goog:chromeOptions: {}, platformName: ANDROID}
Session ID: 318ff3d2a3d7d13861092fc4374b3ae8b3211678
