08:22:02.141 INFO  - ======================================================
08:22:02.143 INFO  - [ENV] Starting test execution: testClickLoginNavigatesToWeb
08:22:02.143 INFO  - [ENV] Initializing AndroidDriver session...
08:22:11.413 INFO  - ======================================================
08:22:11.414 INFO  - [ENV] Starting test execution: testClickLoginNavigatesToWeb
08:22:11.414 INFO  - [ENV] Initializing AndroidDriver session...
08:22:17.510 INFO  - ======================================================
08:22:17.511 INFO  - [ENV] Starting test execution: testClickLoginNavigatesToWeb
08:22:17.511 INFO  - [ENV] Initializing AndroidDriver session...
08:22:28.345 INFO  - [ENV] AndroidDriver session established successfully.
08:22:28.540 INFO  - [TEST] Test started: testClickLoginNavigatesToWeb
08:22:28.581 INFO  - [ACTION] Looking for element using locator: AppiumBy.id: com.keylesspalace.tusky:id/domainEditText
08:22:28.776 INFO  - [ACTION] Found element using locator: AppiumBy.id: com.keylesspalace.tusky:id/domainEditText
08:22:28.920 INFO  - [ACTION] About to type text 'mastodon.social' into element: 'Which instance?'
08:22:29.613 INFO  - [ACTION] Typed text 'mastodon.social' into element: 'mastodon.social'
08:22:29.614 INFO  - [ACTION] Looking for element using locator: AppiumBy.id: com.keylesspalace.tusky:id/loginButton
08:22:29.793 INFO  - [ACTION] Found element using locator: AppiumBy.id: com.keylesspalace.tusky:id/loginButton
08:22:29.941 INFO  - [ACTION] About to click on element: 'Login with Tusky'
08:22:31.760 INFO  - [ACTION] Clicked on element: Unknown Element
08:22:31.765 INFO  - [ACTION] Looking for element using locator: AppiumBy.id: com.keylesspalace.tusky:id/domainEditText
08:22:52.740 INFO  - [TEST] Test passed: testClickLoginNavigatesToWeb
08:22:52.750 INFO  - [ENV] Tearing down AndroidDriver session for test: testClickLoginNavigatesToWeb
08:22:52.858 INFO  - [ENV] AndroidDriver session established successfully.
08:22:52.932 INFO  - [TEST] Test started: testClickLoginNavigatesToWeb
08:22:52.989 INFO  - [ACTION] Looking for element using locator: AppiumBy.id: com.keylesspalace.tusky:id/domainEditText
08:22:53.724 INFO  - [ACTION] Found element using locator: AppiumBy.id: com.keylesspalace.tusky:id/domainEditText
08:22:53.768 INFO  - [ACTION] About to type text 'mastodon.social' into element: 'Which instance?'
08:22:54.252 WARN  - Skipped Video Attachment (API < 27 devices do not support screen recording natively): An unknown error has occurred
Build info: version: '4.13.0', revision: 'ba948ece5b*'
System info: os.name: 'Linux', os.arch: 'amd64', os.version: '6.14.0-1017-azure', java.version: '17.0.18'
Driver info: io.appium.java_client.android.AndroidDriver
Command: [9c63a55abb21298f4acbb87c23e818caabe9fbc4, stopRecordingScreen {}]
Capabilities {appium:appActivity: com.keylesspalace.tusky.Mai..., appium:appPackage: com.keylesspalace.tusky, appium:automationName: uiautomator2, appium:bundleID: com.keylesspalace.tusky, appium:bundleId: com.keylesspalace.tusky, appium:chromedriverArgs: [--adb-port=5038], appium:chromedriverPorts: [[18111, 18121]], appium:databaseEnabled: false, appium:desired: {appActivity: com.keylesspalace.tusky.Mai..., appPackage: com.keylesspalace.tusky, automationName: uiautomator2, bstack:options: {buildIdentifier: #CI 22893410329, hostName: runnervm0kj6c, localIdentifier: Mar_10_0820_runnervm0kj6c_la40}, bundleID: com.keylesspalace.tusky, bundleId: com.keylesspalace.tusky, chromedriverArgs: [--adb-port=5038], chromedriverPorts: [[18111, 18121]], deviceName: oneplus 11r, disableSuppressAccessibilityService: true, goog:chromeOptions: {}, nativeWebScreenshot: true, newCommandTimeout: 0, platformName: Android, skipServerInstallation: true, systemPort: 8201, udid: b8040949}, appium:deviceApiLevel: 33, appium:deviceManufacturer: OnePlus, appium:deviceModel: CPH2487, appium:deviceName: b8040949, appium:deviceScreenDensity: 560, appium:deviceScreenSize: 1240x2772, appium:deviceUDID: b8040949, appium:disableSuppressAccessibilityService: true, appium:javascriptEnabled: true, appium:locationContextEnabled: false, appium:nativeWebScreenshot: true, appium:networkConnectionEnabled: true, appium:newCommandTimeout: 0, appium:optimalHubUrl: hub-use.browserstack.com, appium:pixelRatio: 3.5, appium:platformVersion: 13, appium:skipServerInstallation: true, appium:statBarHeight: 110, appium:systemPort: 8201, appium:takesScreenshot: true, appium:udid: b8040949, appium:viewportRect: {height: 2398, left: 0, top: 110, width: 1240}, appium:warnings: {}, appium:webStorageEnabled: false, bstack:options: {buildIdentifier: #CI 22893410329, hostName: runnervm0kj6c, localIdentifier: Mar_10_0820_runnervm0kj6c_la40}, goog:chromeOptions: {}, platformName: ANDROID}
Session ID: 9c63a55abb21298f4acbb87c23e818caabe9fbc4
