06:05:50.818 INFO  - ======================================================
06:05:50.820 INFO  - [ENV] Starting test execution: testMoreOptionsMenu
06:05:50.820 INFO  - [ENV] Initializing AndroidDriver session...
06:06:13.229 INFO  - ======================================================
06:06:13.229 INFO  - [ENV] Starting test execution: testMoreOptionsMenu
06:06:13.229 INFO  - [ENV] Initializing AndroidDriver session...
06:06:26.042 INFO  - [ENV] AndroidDriver session established successfully.
06:06:26.309 INFO  - [TEST] Test started: testMoreOptionsMenu
06:06:26.358 INFO  - [ACTION] Looking for element using locator: AppiumBy.accessibilityId: More options
06:06:27.060 INFO  - [ACTION] Found element using locator: AppiumBy.accessibilityId: More options
06:06:27.257 INFO  - [ACTION] About to click on element: [[AndroidDriver:  on ANDROID (73a766ea45a44c1538fbe7503d3ad62267dffc7a)] -> accessibility id: More options]
06:06:28.373 INFO  - [ACTION] Clicked on element: Unknown Element
06:06:28.648 INFO  - [ACTION] Looking for element using locator: By.xpath: //*[@text='Login with Browser']
06:06:28.871 INFO  - [ACTION] Found element using locator: By.xpath: //*[@text='Login with Browser']
06:06:29.731 INFO  - [TEST] Test passed: testMoreOptionsMenu
06:06:29.742 INFO  - [ENV] Tearing down AndroidDriver session for test: testMoreOptionsMenu
06:06:31.490 WARN  - Skipped Video Attachment (API < 27 devices do not support screen recording natively): An unknown error has occurred
Build info: version: '4.13.0', revision: 'ba948ece5b*'
System info: os.name: 'Linux', os.arch: 'amd64', os.version: '6.14.0-1017-azure', java.version: '17.0.18'
Driver info: io.appium.java_client.android.AndroidDriver
Command: [73a766ea45a44c1538fbe7503d3ad62267dffc7a, stopRecordingScreen {}]
Capabilities {appium:appActivity: com.keylesspalace.tusky.Mai..., appium:appPackage: com.keylesspalace.tusky, appium:automationName: uiautomator2, appium:bundleID: com.keylesspalace.tusky, appium:bundleId: com.keylesspalace.tusky, appium:chromedriverArgs: [--adb-port=5038], appium:chromedriverPorts: [[18155, 18165]], appium:databaseEnabled: false, appium:desired: {appActivity: com.keylesspalace.tusky.Mai..., appPackage: com.keylesspalace.tusky, automationName: uiautomator2, bstack:options: {buildIdentifier: #CI 22889460710, hostName: runnervm0kj6c, localIdentifier: Mar_10_0604_runnervm0kj6c_y8us}, bundleID: com.keylesspalace.tusky, bundleId: com.keylesspalace.tusky, chromedriverArgs: [--adb-port=5038], chromedriverPorts: [[18155, 18165]], deviceName: oneplus 11r, disableSuppressAccessibilityService: true, goog:chromeOptions: {}, nativeWebScreenshot: true, newCommandTimeout: 0, platformName: Android, skipServerInstallation: true, systemPort: 8205, udid: f030d3d2}, appium:deviceApiLevel: 33, appium:deviceManufacturer: OnePlus, appium:deviceModel: CPH2487, appium:deviceName: f030d3d2, appium:deviceScreenDensity: 560, appium:deviceScreenSize: 1240x2772, appium:deviceUDID: f030d3d2, appium:disableSuppressAccessibilityService: true, appium:javascriptEnabled: true, appium:locationContextEnabled: false, appium:nativeWebScreenshot: true, appium:networkConnectionEnabled: true, appium:newCommandTimeout: 0, appium:optimalHubUrl: hub-euw.browserstack.com, appium:pixelRatio: 3.5, appium:platformVersion: 13, appium:skipServerInstallation: true, appium:statBarHeight: 110, appium:systemPort: 8205, appium:takesScreenshot: true, appium:udid: f030d3d2, appium:viewportRect: {height: 2398, left: 0, top: 110, width: 1240}, appium:warnings: {}, appium:webStorageEnabled: false, bstack:options: {buildIdentifier: #CI 22889460710, hostName: runnervm0kj6c, localIdentifier: Mar_10_0604_runnervm0kj6c_y8us}, goog:chromeOptions: {}, platformName: ANDROID}
Session ID: 73a766ea45a44c1538fbe7503d3ad62267dffc7a
06:06:32.118 INFO  - [ENV] AndroidDriver successfully closed.
06:06:32.119 INFO  - ======================================================
06:06:44.924 INFO  - [ENV] AndroidDriver session established successfully.
06:06:45.087 INFO  - [TEST] Test started: testMoreOptionsMenu
06:06:45.139 INFO  - [ACTION] Looking for element using locator: AppiumBy.accessibilityId: More options
06:06:45.766 INFO  - [ACTION] Found element using locator: AppiumBy.accessibilityId: More options
06:06:45.857 INFO  - [ACTION] About to click on element: [[AndroidDriver:  on ANDROID (4d7854b4b0918c31265a66609de14e237a557f97)] -> accessibility id: More options]
06:06:46.901 INFO  - [ACTION] Clicked on element: Unknown Element
06:06:47.541 INFO  - [ACTION] Looking for element using locator: By.xpath: //*[@text='Login with Browser']
06:06:47.710 INFO  - [ACTION] Found element using locator: By.xpath: //*[@text='Login with Browser']
06:06:49.903 INFO  - [TEST] Test passed: testMoreOptionsMenu
06:06:49.913 INFO  - [ENV] Tearing down AndroidDriver session for test: testMoreOptionsMenu
06:06:50.928 WARN  - Skipped Video Attachment (API < 27 devices do not support screen recording natively): An unknown error has occurred
Build info: version: '4.13.0', revision: 'ba948ece5b*'
System info: os.name: 'Linux', os.arch: 'amd64', os.version: '6.14.0-1017-azure', java.version: '17.0.18'
Driver info: io.appium.java_client.android.AndroidDriver
Command: [4d7854b4b0918c31265a66609de14e237a557f97, stopRecordingScreen {}]
Capabilities {appium:appActivity: com.keylesspalace.tusky.Mai..., appium:appPackage: com.keylesspalace.tusky, appium:automationName: uiautomator2, appium:bundleID: com.keylesspalace.tusky, appium:bundleId: com.keylesspalace.tusky, appium:chromedriverPorts: [[18122, 18132]], appium:databaseEnabled: false, appium:desired: {appActivity: com.keylesspalace.tusky.Mai..., appPackage: com.keylesspalace.tusky, automationName: uiautomator2, bstack:options: {buildIdentifier: #CI 22889460710, hostName: runnervm0kj6c, localIdentifier: Mar_10_0604_runnervm0kj6c_y8us}, bundleID: com.keylesspalace.tusky, bundleId: com.keylesspalace.tusky, chromedriverPorts: [[18122, 18132]], deviceName: google pixel 8 pro, disableSuppressAccessibilityService: true, goog:chromeOptions: {}, nativeWebScreenshot: true, newCommandTimeout: 0, platformName: Android, skipServerInstallation: true, systemPort: 8202, udid: 3B120DLJG0006H}, appium:deviceApiLevel: 34, appium:deviceManufacturer: Google, appium:deviceModel: Pixel 8 Pro, appium:deviceName: 3B120DLJG0006H, appium:deviceScreenDensity: 360, appium:deviceScreenSize: 1008x2244, appium:deviceUDID: 3B120DLJG0006H, appium:disableSuppressAccessibilityService: true, appium:javascriptEnabled: true, appium:locationContextEnabled: false, appium:nativeWebScreenshot: true, appium:networkConnectionEnabled: true, appium:newCommandTimeout: 0, appium:optimalHubUrl: hub-use.browserstack.com, appium:pixelRatio: 2.25, appium:platformVersion: 14, appium:skipServerInstallation: true, appium:statBarHeight: 151, appium:systemPort: 8202, appium:takesScreenshot: true, appium:udid: 3B120DLJG0006H, appium:viewportRect: {height: 1926, left: 0, top: 151, width: 1008}, appium:warnings: {}, appium:webStorageEnabled: false, bstack:options: {buildIdentifier: #CI 22889460710, hostName: runnervm0kj6c, localIdentifier: Mar_10_0604_runnervm0kj6c_y8us}, goog:chromeOptions: {}, platformName: ANDROID}
Session ID: 4d7854b4b0918c31265a66609de14e237a557f97
06:06:51.688 INFO  - [ENV] AndroidDriver successfully closed.
06:06:51.688 INFO  - ======================================================
06:07:04.898 INFO  - ======================================================
06:07:04.899 INFO  - [ENV] Starting test execution: testMoreOptionsMenu
06:07:04.899 INFO  - [ENV] Initializing AndroidDriver session...
06:07:40.237 INFO  - [ENV] AndroidDriver session established successfully.
06:07:40.395 INFO  - [TEST] Test started: testMoreOptionsMenu
06:07:40.448 INFO  - [ACTION] Looking for element using locator: AppiumBy.accessibilityId: More options
06:07:40.598 INFO  - [ACTION] Found element using locator: AppiumBy.accessibilityId: More options
06:07:40.743 INFO  - [ACTION] About to click on element: [[AndroidDriver:  on ANDROID (a4926522603ec87eb7f3de355bc5bf69460e57d4)] -> accessibility id: More options]
06:07:41.867 INFO  - [ACTION] Clicked on element: Unknown Element
06:07:42.217 INFO  - [ACTION] Looking for element using locator: By.xpath: //*[@text='Login with Browser']
06:07:42.331 INFO  - [ACTION] Found element using locator: By.xpath: //*[@text='Login with Browser']
06:07:44.100 INFO  - [TEST] Test passed: testMoreOptionsMenu
06:07:44.109 INFO  - [ENV] Tearing down AndroidDriver session for test: testMoreOptionsMenu
06:07:45.196 WARN  - Skipped Video Attachment (API < 27 devices do not support screen recording natively): An unknown error has occurred
Build info: version: '4.13.0', revision: 'ba948ece5b*'
System info: os.name: 'Linux', os.arch: 'amd64', os.version: '6.14.0-1017-azure', java.version: '17.0.18'
Driver info: io.appium.java_client.android.AndroidDriver
Command: [a4926522603ec87eb7f3de355bc5bf69460e57d4, stopRecordingScreen {}]
Capabilities {appium:appActivity: com.keylesspalace.tusky.Mai..., appium:appPackage: com.keylesspalace.tusky, appium:automationName: uiautomator2, appium:bundleID: com.keylesspalace.tusky, appium:bundleId: com.keylesspalace.tusky, appium:chromedriverPorts: [[18122, 18132]], appium:databaseEnabled: false, appium:desired: {appActivity: com.keylesspalace.tusky.Mai..., appPackage: com.keylesspalace.tusky, automationName: uiautomator2, bstack:options: {buildIdentifier: #CI 22889460710, hostName: runnervm0kj6c, localIdentifier: Mar_10_0604_runnervm0kj6c_y8us}, bundleID: com.keylesspalace.tusky, bundleId: com.keylesspalace.tusky, chromedriverPorts: [[18122, 18132]], deviceName: samsung galaxy s22 ultra, disableSuppressAccessibilityService: true, goog:chromeOptions: {}, nativeWebScreenshot: true, newCommandTimeout: 0, platformName: Android, skipServerInstallation: true, systemPort: 8202, udid: R3CT40ADC1E}, appium:deviceApiLevel: 31, appium:deviceManufacturer: samsung, appium:deviceModel: SM-S908B, appium:deviceName: R3CT40ADC1E, appium:deviceScreenDensity: 450, appium:deviceScreenSize: 1080x2316, appium:deviceUDID: R3CT40ADC1E, appium:disableSuppressAccessibilityService: true, appium:javascriptEnabled: true, appium:locationContextEnabled: false, appium:nativeWebScreenshot: true, appium:networkConnectionEnabled: true, appium:newCommandTimeout: 0, appium:optimalHubUrl: hub-use.browserstack.com, appium:pixelRatio: 2.8125, appium:platformVersion: 12, appium:skipServerInstallation: true, appium:statBarHeight: 75, appium:systemPort: 8202, appium:takesScreenshot: true, appium:udid: R3CT40ADC1E, appium:viewportRect: {height: 2031, left: 0, top: 75, width: 1080}, appium:warnings: {}, appium:webStorageEnabled: false, bstack:options: {buildIdentifier: #CI 22889460710, hostName: runnervm0kj6c, localIdentifier: Mar_10_0604_runnervm0kj6c_y8us}, goog:chromeOptions: {}, platformName: ANDROID}
Session ID: a4926522603ec87eb7f3de355bc5bf69460e57d4
