08:18:01.678 INFO  - ======================================================
08:18:01.696 INFO  - [ENV] Starting test execution: testAppLaunch
08:18:01.678 INFO  - ======================================================
08:18:01.697 INFO  - [ENV] Starting test execution: testAppLaunch
08:18:01.697 INFO  - [ENV] Initializing AndroidDriver session...
08:18:01.696 INFO  - [ENV] Initializing AndroidDriver session...
08:18:01.678 INFO  - ======================================================
08:18:01.698 INFO  - [ENV] Starting test execution: testAppLaunch
08:18:01.698 INFO  - [ENV] Initializing AndroidDriver session...
08:18:24.281 INFO  - [ENV] AndroidDriver session established successfully.
08:18:25.393 INFO  - [TEST] Test started: testAppLaunch
08:18:25.834 INFO  - [ACTION] Looking for element using locator: AppiumBy.id: com.keylesspalace.tusky:id/domainEditText
08:18:26.075 INFO  - [ACTION] Found element using locator: AppiumBy.id: com.keylesspalace.tusky:id/domainEditText
08:18:27.150 INFO  - [TEST] Test passed: testAppLaunch
08:18:27.166 INFO  - [ENV] Tearing down AndroidDriver session for test: testAppLaunch
08:18:28.911 WARN  - Skipped Video Attachment (API < 27 devices do not support screen recording natively): An unknown error has occurred
Build info: version: '4.13.0', revision: 'ba948ece5b*'
System info: os.name: 'Linux', os.arch: 'amd64', os.version: '6.14.0-1017-azure', java.version: '17.0.18'
Driver info: io.appium.java_client.android.AndroidDriver
Command: [9650cf1006fb0747fca5b615de22f2660ec5e2f6, stopRecordingScreen {}]
Capabilities {appium:appActivity: com.keylesspalace.tusky.Mai..., appium:appPackage: com.keylesspalace.tusky, appium:automationName: uiautomator2, appium:bundleID: com.keylesspalace.tusky, appium:bundleId: com.keylesspalace.tusky, appium:chromedriverArgs: [--adb-port=5038], appium:chromedriverPorts: [[18155, 18165]], appium:databaseEnabled: false, appium:desired: {appActivity: com.keylesspalace.tusky.Mai..., appPackage: com.keylesspalace.tusky, automationName: uiautomator2, bstack:options: {buildIdentifier: #CI 22893309039, hostName: runnervm0kj6c, localIdentifier: Mar_10_0817_runnervm0kj6c_auqy}, bundleID: com.keylesspalace.tusky, bundleId: com.keylesspalace.tusky, chromedriverArgs: [--adb-port=5038], chromedriverPorts: [[18155, 18165]], deviceName: oneplus 11r, disableSuppressAccessibilityService: true, goog:chromeOptions: {}, nativeWebScreenshot: true, newCommandTimeout: 0, platformName: Android, skipServerInstallation: true, systemPort: 8205, udid: f030d3d2}, appium:deviceApiLevel: 33, appium:deviceManufacturer: OnePlus, appium:deviceModel: CPH2487, appium:deviceName: f030d3d2, appium:deviceScreenDensity: 560, appium:deviceScreenSize: 1240x2772, appium:deviceUDID: f030d3d2, appium:disableSuppressAccessibilityService: true, appium:javascriptEnabled: true, appium:locationContextEnabled: false, appium:nativeWebScreenshot: true, appium:networkConnectionEnabled: true, appium:newCommandTimeout: 0, appium:optimalHubUrl: hub-euw.browserstack.com, appium:pixelRatio: 3.5, appium:platformVersion: 13, appium:skipServerInstallation: true, appium:statBarHeight: 110, appium:systemPort: 8205, appium:takesScreenshot: true, appium:udid: f030d3d2, appium:viewportRect: {height: 2398, left: 0, top: 110, width: 1240}, appium:warnings: {}, appium:webStorageEnabled: false, bstack:options: {buildIdentifier: #CI 22893309039, hostName: runnervm0kj6c, localIdentifier: Mar_10_0817_runnervm0kj6c_auqy}, goog:chromeOptions: {}, platformName: ANDROID}
Session ID: 9650cf1006fb0747fca5b615de22f2660ec5e2f6
