06:28:40.874 INFO  - ======================================================
06:28:40.876 INFO  - [ENV] Starting test execution: testMoreOptionsMenu
06:28:40.876 INFO  - [ENV] Initializing AndroidDriver session...
06:28:59.708 INFO  - ======================================================
06:28:59.709 INFO  - [ENV] Starting test execution: testMoreOptionsMenu
06:28:59.709 INFO  - [ENV] Initializing AndroidDriver session...
06:29:03.916 INFO  - ======================================================
06:29:03.916 INFO  - [ENV] Starting test execution: testMoreOptionsMenu
06:29:03.916 INFO  - [ENV] Initializing AndroidDriver session...
06:29:04.790 INFO  - [ENV] AndroidDriver session established successfully.
06:29:05.245 INFO  - [TEST] Test started: testMoreOptionsMenu
06:29:05.308 INFO  - [ACTION] Looking for element using locator: AppiumBy.accessibilityId: More options
06:29:05.777 INFO  - [ACTION] Found element using locator: AppiumBy.accessibilityId: More options
06:29:06.133 INFO  - [ACTION] About to click on element: [[AndroidDriver:  on ANDROID (4170617f11715f80b92a4716107d90a8b3e007bf)] -> accessibility id: More options]
06:29:07.484 INFO  - [ACTION] Clicked on element: Unknown Element
06:29:07.934 INFO  - [ACTION] Looking for element using locator: By.xpath: //*[@text='Login with Browser']
06:29:08.304 INFO  - [ACTION] Found element using locator: By.xpath: //*[@text='Login with Browser']
06:29:09.549 INFO  - [TEST] Test passed: testMoreOptionsMenu
06:29:09.558 INFO  - [ENV] Tearing down AndroidDriver session for test: testMoreOptionsMenu
06:29:12.434 WARN  - Skipped Video Attachment (API < 27 devices do not support screen recording natively): An unknown error has occurred
Build info: version: '4.13.0', revision: 'ba948ece5b*'
System info: os.name: 'Linux', os.arch: 'amd64', os.version: '6.14.0-1017-azure', java.version: '17.0.18'
Driver info: io.appium.java_client.android.AndroidDriver
Command: [4170617f11715f80b92a4716107d90a8b3e007bf, stopRecordingScreen {}]
Capabilities {appium:appActivity: com.keylesspalace.tusky.Mai..., appium:appPackage: com.keylesspalace.tusky, appium:automationName: uiautomator2, appium:bundleID: com.keylesspalace.tusky, appium:bundleId: com.keylesspalace.tusky, appium:chromedriverArgs: [--adb-port=5038], appium:chromedriverPorts: [[18100, 18110]], appium:databaseEnabled: false, appium:desired: {appActivity: com.keylesspalace.tusky.Mai..., appPackage: com.keylesspalace.tusky, automationName: uiautomator2, bstack:options: {buildIdentifier: #CI 22890077172, hostName: runnervm0kj6c, localIdentifier: Mar_10_0627_runnervm0kj6c_gr3i}, bundleID: com.keylesspalace.tusky, bundleId: com.keylesspalace.tusky, chromedriverArgs: [--adb-port=5038], chromedriverPorts: [[18100, 18110]], deviceName: oneplus 11r, disableSuppressAccessibilityService: true, goog:chromeOptions: {}, nativeWebScreenshot: true, newCommandTimeout: 0, platformName: Android, skipServerInstallation: true, systemPort: 8200, udid: 7f92d137}, appium:deviceApiLevel: 33, appium:deviceManufacturer: OnePlus, appium:deviceModel: CPH2487, appium:deviceName: 7f92d137, appium:deviceScreenDensity: 560, appium:deviceScreenSize: 1240x2772, appium:deviceUDID: 7f92d137, appium:disableSuppressAccessibilityService: true, appium:javascriptEnabled: true, appium:locationContextEnabled: false, appium:nativeWebScreenshot: true, appium:networkConnectionEnabled: true, appium:newCommandTimeout: 0, appium:optimalHubUrl: hub-euw.browserstack.com, appium:pixelRatio: 3.5, appium:platformVersion: 13, appium:skipServerInstallation: true, appium:statBarHeight: 110, appium:systemPort: 8200, appium:takesScreenshot: true, appium:udid: 7f92d137, appium:viewportRect: {height: 2398, left: 0, top: 110, width: 1240}, appium:warnings: {}, appium:webStorageEnabled: false, bstack:options: {buildIdentifier: #CI 22890077172, hostName: runnervm0kj6c, localIdentifier: Mar_10_0627_runnervm0kj6c_gr3i}, goog:chromeOptions: {}, platformName: ANDROID}
Session ID: 4170617f11715f80b92a4716107d90a8b3e007bf
