08:21:29.580 INFO  - ======================================================
08:21:29.582 INFO  - [ENV] Starting test execution: testMoreOptionsMenu
08:21:29.582 INFO  - [ENV] Initializing AndroidDriver session...
08:21:34.826 INFO  - ======================================================
08:21:34.826 INFO  - [ENV] Starting test execution: testMoreOptionsMenu
08:21:34.827 INFO  - [ENV] Initializing AndroidDriver session...
08:21:38.135 INFO  - ======================================================
08:21:38.136 INFO  - [ENV] Starting test execution: testMoreOptionsMenu
08:21:38.136 INFO  - [ENV] Initializing AndroidDriver session...
08:21:51.746 INFO  - [ENV] AndroidDriver session established successfully.
08:21:51.839 INFO  - [TEST] Test started: testMoreOptionsMenu
08:21:51.884 INFO  - [ACTION] Looking for element using locator: AppiumBy.accessibilityId: More options
08:21:51.941 INFO  - [ACTION] Found element using locator: AppiumBy.accessibilityId: More options
08:21:52.006 INFO  - [ACTION] About to click on element: [[AndroidDriver:  on ANDROID (3655da2dc69590b8a08c755573f41c0e65edafde)] -> accessibility id: More options]
08:21:53.738 INFO  - [ACTION] Clicked on element: Unknown Element
08:21:53.989 INFO  - [ACTION] Looking for element using locator: By.xpath: //*[@text='Login with Browser']
08:21:54.052 INFO  - [ACTION] Found element using locator: By.xpath: //*[@text='Login with Browser']
08:21:54.931 INFO  - [TEST] Test passed: testMoreOptionsMenu
08:21:54.941 INFO  - [ENV] Tearing down AndroidDriver session for test: testMoreOptionsMenu
08:21:55.821 WARN  - Skipped Video Attachment (API < 27 devices do not support screen recording natively): An unknown error has occurred
Build info: version: '4.13.0', revision: 'ba948ece5b*'
System info: os.name: 'Linux', os.arch: 'amd64', os.version: '6.14.0-1017-azure', java.version: '17.0.18'
Driver info: io.appium.java_client.android.AndroidDriver
Command: [3655da2dc69590b8a08c755573f41c0e65edafde, stopRecordingScreen {}]
Capabilities {appium:appActivity: com.keylesspalace.tusky.Mai..., appium:appPackage: com.keylesspalace.tusky, appium:automationName: uiautomator2, appium:bundleID: com.keylesspalace.tusky, appium:bundleId: com.keylesspalace.tusky, appium:chromedriverArgs: [--adb-port=5038], appium:chromedriverPorts: [[18155, 18165]], appium:databaseEnabled: false, appium:desired: {appActivity: com.keylesspalace.tusky.Mai..., appPackage: com.keylesspalace.tusky, automationName: uiautomator2, bstack:options: {buildIdentifier: #CI 22893410329, hostName: runnervm0kj6c, localIdentifier: Mar_10_0820_runnervm0kj6c_la40}, bundleID: com.keylesspalace.tusky, bundleId: com.keylesspalace.tusky, chromedriverArgs: [--adb-port=5038], chromedriverPorts: [[18155, 18165]], deviceName: oneplus 11r, disableSuppressAccessibilityService: true, goog:chromeOptions: {}, nativeWebScreenshot: true, newCommandTimeout: 0, platformName: Android, skipServerInstallation: true, systemPort: 8205, udid: ced094bb}, appium:deviceApiLevel: 33, appium:deviceManufacturer: OnePlus, appium:deviceModel: CPH2487, appium:deviceName: ced094bb, appium:deviceScreenDensity: 560, appium:deviceScreenSize: 1240x2772, appium:deviceUDID: ced094bb, appium:disableSuppressAccessibilityService: true, appium:javascriptEnabled: true, appium:locationContextEnabled: false, appium:nativeWebScreenshot: true, appium:networkConnectionEnabled: true, appium:newCommandTimeout: 0, appium:optimalHubUrl: hub-usw.browserstack.com, appium:pixelRatio: 3.5, appium:platformVersion: 13, appium:skipServerInstallation: true, appium:statBarHeight: 110, appium:systemPort: 8205, appium:takesScreenshot: true, appium:udid: ced094bb, appium:viewportRect: {height: 2398, left: 0, top: 110, width: 1240}, appium:warnings: {}, appium:webStorageEnabled: false, bstack:options: {buildIdentifier: #CI 22893410329, hostName: runnervm0kj6c, localIdentifier: Mar_10_0820_runnervm0kj6c_la40}, goog:chromeOptions: {}, platformName: ANDROID}
Session ID: 3655da2dc69590b8a08c755573f41c0e65edafde
