08:18:55.330 INFO  - ======================================================
08:18:55.331 INFO  - [ENV] Starting test execution: testClickLoginNavigatesToWeb
08:18:55.331 INFO  - [ENV] Initializing AndroidDriver session...
08:19:13.491 INFO  - [ENV] AndroidDriver session established successfully.
08:19:13.806 INFO  - [TEST] Test started: testClickLoginNavigatesToWeb
08:19:13.914 INFO  - [ACTION] Looking for element using locator: AppiumBy.id: com.keylesspalace.tusky:id/domainEditText
08:19:14.489 INFO  - [ACTION] Found element using locator: AppiumBy.id: com.keylesspalace.tusky:id/domainEditText
08:19:14.664 INFO  - [ACTION] About to type text 'mastodon.social' into element: 'Which instance?'
08:19:15.878 INFO  - [ACTION] Typed text 'mastodon.social' into element: 'mastodon.social'
08:19:15.878 INFO  - [ACTION] Looking for element using locator: AppiumBy.id: com.keylesspalace.tusky:id/loginButton
08:19:16.216 INFO  - [ACTION] Found element using locator: AppiumBy.id: com.keylesspalace.tusky:id/loginButton
08:19:16.402 INFO  - [ACTION] About to click on element: 'Login with Tusky'
08:19:17.314 INFO  - [ACTION] Clicked on element: Unknown Element
08:19:17.319 INFO  - [ACTION] Looking for element using locator: AppiumBy.id: com.keylesspalace.tusky:id/domainEditText
08:19:20.416 INFO  - ======================================================
08:19:20.416 INFO  - [ENV] Starting test execution: testClickLoginNavigatesToWeb
08:19:20.416 INFO  - [ENV] Initializing AndroidDriver session...
08:19:27.097 INFO  - ======================================================
08:19:27.098 INFO  - [ENV] Starting test execution: testClickLoginNavigatesToWeb
08:19:27.098 INFO  - [ENV] Initializing AndroidDriver session...
08:19:38.241 INFO  - [TEST] Test passed: testClickLoginNavigatesToWeb
08:19:38.254 INFO  - [ENV] Tearing down AndroidDriver session for test: testClickLoginNavigatesToWeb
08:19:40.115 WARN  - Skipped Video Attachment (API < 27 devices do not support screen recording natively): An unknown error has occurred
Build info: version: '4.13.0', revision: 'ba948ece5b*'
System info: os.name: 'Linux', os.arch: 'amd64', os.version: '6.14.0-1017-azure', java.version: '17.0.18'
Driver info: io.appium.java_client.android.AndroidDriver
Command: [f8fdd55b7f691f32b59e0f3eb5e1cfd7f88f230d, stopRecordingScreen {}]
Capabilities {appium:appActivity: com.keylesspalace.tusky.Mai..., appium:appPackage: com.keylesspalace.tusky, appium:automationName: uiautomator2, appium:bundleID: com.keylesspalace.tusky, appium:bundleId: com.keylesspalace.tusky, appium:chromedriverArgs: [--adb-port=5038], appium:chromedriverPorts: [[18111, 18121]], appium:databaseEnabled: false, appium:desired: {appActivity: com.keylesspalace.tusky.Mai..., appPackage: com.keylesspalace.tusky, automationName: uiautomator2, bstack:options: {buildIdentifier: #CI 22893309039, hostName: runnervm0kj6c, localIdentifier: Mar_10_0817_runnervm0kj6c_auqy}, bundleID: com.keylesspalace.tusky, bundleId: com.keylesspalace.tusky, chromedriverArgs: [--adb-port=5038], chromedriverPorts: [[18111, 18121]], deviceName: oneplus 11r, disableSuppressAccessibilityService: true, goog:chromeOptions: {}, nativeWebScreenshot: true, newCommandTimeout: 0, platformName: Android, skipServerInstallation: true, systemPort: 8201, udid: 486f16ca}, appium:deviceApiLevel: 33, appium:deviceManufacturer: OnePlus, appium:deviceModel: CPH2487, appium:deviceName: 486f16ca, appium:deviceScreenDensity: 560, appium:deviceScreenSize: 1240x2772, appium:deviceUDID: 486f16ca, appium:disableSuppressAccessibilityService: true, appium:javascriptEnabled: true, appium:locationContextEnabled: false, appium:nativeWebScreenshot: true, appium:networkConnectionEnabled: true, appium:newCommandTimeout: 0, appium:optimalHubUrl: hub-euw.browserstack.com, appium:pixelRatio: 3.5, appium:platformVersion: 13, appium:skipServerInstallation: true, appium:statBarHeight: 110, appium:systemPort: 8201, appium:takesScreenshot: true, appium:udid: 486f16ca, appium:viewportRect: {height: 2398, left: 0, top: 110, width: 1240}, appium:warnings: {}, appium:webStorageEnabled: false, bstack:options: {buildIdentifier: #CI 22893309039, hostName: runnervm0kj6c, localIdentifier: Mar_10_0817_runnervm0kj6c_auqy}, goog:chromeOptions: {}, platformName: ANDROID}
Session ID: f8fdd55b7f691f32b59e0f3eb5e1cfd7f88f230d
